#
# There is insufficient memory for the Java Runtime Environment to continue.
# Native memory allocation (malloc) failed to allocate 1192416 bytes for Chunk::new
# Possible reasons:
#   The system is out of physical RAM or swap space
#   The process is running with CompressedOops enabled, and the Java Heap may be blocking the growth of the native heap
# Possible solutions:
#   Reduce memory load on the system
#   Increase physical memory or swap space
#   Check if swap backing store is full
#   Decrease Java heap size (-Xmx/-Xms)
#   Decrease number of Java threads
#   Decrease Java thread stack sizes (-Xss)
#   Set larger code cache with -XX:ReservedCodeCacheSize=
#   JVM is running with Unscaled Compressed Oops mode in which the Java heap is
#     placed in the first 4GB address space. The Java Heap base address is the
#     maximum limit for the native heap growth. Please use -XX:HeapBaseMinAddress
#     to set the Java Heap base and to place the Java Heap above 4GB virtual address.
# This output file may be truncated or incomplete.
#
#  Out of Memory Error (arena.cpp:189), pid=12448, tid=6308
#
# JRE version: OpenJDK Runtime Environment Temurin-17.0.7+7 (17.0.7+7) (build 17.0.7+7)
# Java VM: OpenJDK 64-Bit Server VM Temurin-17.0.7+7 (17.0.7+7, mixed mode, tiered, compressed oops, compressed class ptrs, parallel gc, windows-amd64)
# No core dump will be written. Minidumps are not enabled by default on client versions of Windows
#

---------------  S U M M A R Y ------------

Command Line: --add-modules=ALL-SYSTEM --add-opens=java.base/java.util=ALL-UNNAMED --add-opens=java.base/java.lang=ALL-UNNAMED --add-opens=java.base/sun.nio.fs=ALL-UNNAMED -Declipse.application=org.eclipse.jdt.ls.core.id1 -Dosgi.bundles.defaultStartLevel=4 -Declipse.product=org.eclipse.jdt.ls.core.product -Djava.import.generatesMetadataFilesAtProjectRoot=false -Dfile.encoding=utf8 -XX:+UseParallelGC -XX:GCTimeRatio=4 -XX:AdaptiveSizePolicyWeight=90 -Dsun.zip.disableMemoryMapping=true -Xmx1G -Xms100m -Xlog:disable -javaagent:c:\Users\Ivan\.vscode\extensions\redhat.java-1.19.0-win32-x64\lombok\lombok-1.18.28.jar -XX:+HeapDumpOnOutOfMemoryError -XX:HeapDumpPath=c:\Users\Ivan\AppData\Roaming\Code\User\workspaceStorage\4d1552600e81aa830daef018cde4ffe3\redhat.java -Daether.dependencyCollector.impl=bf c:\Users\Ivan\.vscode\extensions\redhat.java-1.19.0-win32-x64\server\plugins\org.eclipse.equinox.launcher_1.6.400.v20210924-0641.jar -configuration c:\Users\Ivan\AppData\Roaming\Code\User\globalStorage\redhat.java\1.19.0\config_win -data c:\Users\Ivan\AppData\Roaming\Code\User\workspaceStorage\4d1552600e81aa830daef018cde4ffe3\redhat.java\jdt_ws

Host: Intel(R) Core(TM) i3-2120 CPU @ 3.30GHz, 4 cores, 11G,  Windows 10 , 64 bit Build 17763 (10.0.17763.475)
Time: Tue Jun 20 19:25:17 2023 RTZ 2 (зима) elapsed time: 436.852627 seconds (0d 0h 7m 16s)

---------------  T H R E A D  ---------------

Current thread (0x00000289652fa720):  JavaThread "C2 CompilerThread0" daemon [_thread_in_native, id=6308, stack(0x000000b70c600000,0x000000b70c700000)]


Current CompileTask:
C2: 436852 13636   !   4       org.eclipse.jdt.internal.compiler.parser.Scanner::jumpOverMethodBody (2085 bytes)

Stack: [0x000000b70c600000,0x000000b70c700000]
Native frames: (J=compiled Java code, j=interpreted, Vv=VM code, C=native code)
V  [jvm.dll+0x67754a]
V  [jvm.dll+0x834304]
V  [jvm.dll+0x835aae]
V  [jvm.dll+0x836113]
V  [jvm.dll+0x24696f]
V  [jvm.dll+0xac0ac]
V  [jvm.dll+0xac67c]
V  [jvm.dll+0x364e37]
V  [jvm.dll+0x32f6b1]
V  [jvm.dll+0x32eb5a]
V  [jvm.dll+0x219641]
V  [jvm.dll+0x218a61]
V  [jvm.dll+0x1a4d8d]
V  [jvm.dll+0x2284da]
V  [jvm.dll+0x226615]
V  [jvm.dll+0x7ea90b]
V  [jvm.dll+0x7e4e7a]
V  [jvm.dll+0x676395]
C  [ucrtbase.dll+0x21ffa]
C  [KERNEL32.DLL+0x17974]
C  [ntdll.dll+0x6a271]


---------------  P R O C E S S  ---------------

Threads class SMR info:
_java_thread_list=0x000002897e154690, length=32, elements={
0x0000028965106aa0, 0x000002897b2783a0, 0x000002897b27a470, 0x000002897b2a8560,
0x000002897b2a92e0, 0x00000289652f81b0, 0x00000289652f9a80, 0x00000289652fa720,
0x000002897b3166c0, 0x000002897b317b60, 0x00000289652444a0, 0x000002897b61e930,
0x000002897ca945b0, 0x000002897cb53dc0, 0x000002897c809660, 0x000002897cb10dc0,
0x000002897cca73b0, 0x000002897c915240, 0x000002897cd04fb0, 0x000002897cd05950,
0x000002897cd04610, 0x000002897cd04ae0, 0x000002897e884a40, 0x000002897e888400,
0x000002897e887590, 0x000002897e881080, 0x000002897e884f10, 0x000002897e887a60,
0x000002897e886720, 0x000002897e885d80, 0x000002897e886250, 0x000002890b802490
}

Java Threads: ( => current thread )
  0x0000028965106aa0 JavaThread "main" [_thread_blocked, id=15116, stack(0x000000b70bd00000,0x000000b70be00000)]
  0x000002897b2783a0 JavaThread "Reference Handler" daemon [_thread_blocked, id=556, stack(0x000000b70c000000,0x000000b70c100000)]
  0x000002897b27a470 JavaThread "Finalizer" daemon [_thread_blocked, id=14992, stack(0x000000b70c100000,0x000000b70c200000)]
  0x000002897b2a8560 JavaThread "Signal Dispatcher" daemon [_thread_blocked, id=7912, stack(0x000000b70c200000,0x000000b70c300000)]
  0x000002897b2a92e0 JavaThread "Attach Listener" daemon [_thread_blocked, id=14772, stack(0x000000b70c300000,0x000000b70c400000)]
  0x00000289652f81b0 JavaThread "Service Thread" daemon [_thread_blocked, id=2208, stack(0x000000b70c400000,0x000000b70c500000)]
  0x00000289652f9a80 JavaThread "Monitor Deflation Thread" daemon [_thread_blocked, id=14012, stack(0x000000b70c500000,0x000000b70c600000)]
=>0x00000289652fa720 JavaThread "C2 CompilerThread0" daemon [_thread_in_native, id=6308, stack(0x000000b70c600000,0x000000b70c700000)]
  0x000002897b3166c0 JavaThread "C1 CompilerThread0" daemon [_thread_blocked, id=8368, stack(0x000000b70c700000,0x000000b70c800000)]
  0x000002897b317b60 JavaThread "Sweeper thread" daemon [_thread_blocked, id=6480, stack(0x000000b70c800000,0x000000b70c900000)]
  0x00000289652444a0 JavaThread "Common-Cleaner" daemon [_thread_blocked, id=7564, stack(0x000000b70c900000,0x000000b70ca00000)]
  0x000002897b61e930 JavaThread "Notification Thread" daemon [_thread_blocked, id=5772, stack(0x000000b70ca00000,0x000000b70cb00000)]
  0x000002897ca945b0 JavaThread "Active Thread: Equinox Container: 567391df-6a1e-48f0-86ec-10d8cb00a9ee" [_thread_blocked, id=11832, stack(0x000000b70d000000,0x000000b70d100000)]
  0x000002897cb53dc0 JavaThread "Framework Event Dispatcher: Equinox Container: 567391df-6a1e-48f0-86ec-10d8cb00a9ee" daemon [_thread_blocked, id=5348, stack(0x000000b70d100000,0x000000b70d200000)]
  0x000002897c809660 JavaThread "Start Level: Equinox Container: 567391df-6a1e-48f0-86ec-10d8cb00a9ee" daemon [_thread_blocked, id=5340, stack(0x000000b70d200000,0x000000b70d300000)]
  0x000002897cb10dc0 JavaThread "SCR Component Actor" daemon [_thread_blocked, id=13268, stack(0x000000b70d300000,0x000000b70d400000)]
  0x000002897cca73b0 JavaThread "Worker-JM" [_thread_blocked, id=3808, stack(0x000000b70d400000,0x000000b70d500000)]
  0x000002897c915240 JavaThread "Worker-0" [_thread_blocked, id=2528, stack(0x000000b70d600000,0x000000b70d700000)]
  0x000002897cd04fb0 JavaThread "Worker-1" [_thread_blocked, id=2784, stack(0x000000b70d700000,0x000000b70d800000)]
  0x000002897cd05950 JavaThread "Java indexing" daemon [_thread_blocked, id=12348, stack(0x000000b70d800000,0x000000b70d900000)]
  0x000002897cd04610 JavaThread "JNA Cleaner" daemon [_thread_blocked, id=2516, stack(0x000000b70db00000,0x000000b70dc00000)]
  0x000002897cd04ae0 JavaThread "pool-2-thread-1" [_thread_blocked, id=2924, stack(0x000000b70dc00000,0x000000b70dd00000)]
  0x000002897e884a40 JavaThread "WorkspaceEventsHandler" [_thread_blocked, id=8636, stack(0x000000b70dd00000,0x000000b70de00000)]
  0x000002897e888400 JavaThread "pool-1-thread-1" [_thread_in_native, id=8940, stack(0x000000b70de00000,0x000000b70df00000)]
  0x000002897e887590 JavaThread "ForkJoinPool.commonPool-worker-1" daemon [_thread_blocked, id=14208, stack(0x000000b70cc00000,0x000000b70cd00000)]
  0x000002897e881080 JavaThread "ForkJoinPool.commonPool-worker-2" daemon [_thread_blocked, id=5800, stack(0x000000b70d500000,0x000000b70d600000)]
  0x000002897e884f10 JavaThread "ForkJoinPool.commonPool-worker-3" daemon [_thread_blocked, id=14580, stack(0x000000b70df00000,0x000000b70e000000)]
  0x000002897e887a60 JavaThread "Bundle File Closer" daemon [_thread_blocked, id=588, stack(0x000000b70bb00000,0x000000b70bc00000)]
  0x000002897e886720 JavaThread "Java Debug Server" daemon [_thread_in_native, id=11720, stack(0x000000b70e200000,0x000000b70e300000)]
  0x000002897e885d80 JavaThread "RxSchedulerPurge-1" daemon [_thread_blocked, id=13928, stack(0x000000b70e400000,0x000000b70e500000)]
  0x000002897e886250 JavaThread "RxCachedWorkerPoolEvictor-1" daemon [_thread_blocked, id=11460, stack(0x000000b70e500000,0x000000b70e600000)]
  0x000002890b802490 JavaThread "Worker-4" [_thread_blocked, id=180, stack(0x000000b700100000,0x000000b700200000)]

Other Threads:
  0x000002897b2628f0 VMThread "VM Thread" [stack: 0x000000b70bf00000,0x000000b70c000000] [id=14004]
  0x000002897b59fc10 WatcherThread [stack: 0x000000b70cb00000,0x000000b70cc00000] [id=11192]
  0x000002896511ad90 GCTaskThread "GC Thread#0" [stack: 0x000000b70be00000,0x000000b70bf00000] [id=4564]
  0x000002897c6e3660 GCTaskThread "GC Thread#1" [stack: 0x000000b70cd00000,0x000000b70ce00000] [id=10136]
  0x000002897c57aba0 GCTaskThread "GC Thread#2" [stack: 0x000000b70ce00000,0x000000b70cf00000] [id=10980]
  0x000002897c6e3910 GCTaskThread "GC Thread#3" [stack: 0x000000b70cf00000,0x000000b70d000000] [id=5584]

Threads with active compile tasks:
C2 CompilerThread0   436880 13636   !   4       org.eclipse.jdt.internal.compiler.parser.Scanner::jumpOverMethodBody (2085 bytes)

VM state: not at safepoint (normal execution)

VM Mutex/Monitor currently owned by a thread: None

Heap address: 0x00000000c0000000, size: 1024 MB, Compressed Oops mode: 32-bit

CDS archive(s) not mapped
Compressed class space mapped at: 0x0000000100000000-0x0000000140000000, reserved size: 1073741824
Narrow klass base: 0x0000000000000000, Narrow klass shift: 3, Narrow klass range: 0x140000000

GC Precious Log:
 CPUs: 4 total, 4 available
 Memory: 12245M
 Large Page Support: Disabled
 NUMA Support: Disabled
 Compressed Oops: Enabled (32-bit)
 Alignments: Space 512K, Generation 512K, Heap 2M
 Heap Min Capacity: 100M
 Heap Initial Capacity: 100M
 Heap Max Capacity: 1G
 Pre-touch: Disabled
 Parallel Workers: 4

Heap:
 PSYoungGen      total 2048K, used 854K [0x00000000eab00000, 0x00000000eaf80000, 0x0000000100000000)
  eden space 1536K, 23% used [0x00000000eab00000,0x00000000eab59b20,0x00000000eac80000)
  from space 512K, 96% used [0x00000000ead80000,0x00000000eadfc010,0x00000000eae00000)
  to   space 1536K, 0% used [0x00000000eae00000,0x00000000eae00000,0x00000000eaf80000)
 ParOldGen       total 109568K, used 108890K [0x00000000c0000000, 0x00000000c6b00000, 0x00000000eab00000)
  object space 109568K, 99% used [0x00000000c0000000,0x00000000c6a56928,0x00000000c6b00000)
 Metaspace       used 79575K, committed 80704K, reserved 1179648K
  class space    used 8299K, committed 8768K, reserved 1048576K

Card table byte_map: [0x00000289744f0000,0x0000028974700000] _byte_map_base: 0x0000028973ef0000

Marking Bits: (ParMarkBitMap*) 0x00007ff8f98b52c0
 Begin Bits: [0x0000028974860000, 0x0000028975860000)
 End Bits:   [0x0000028975860000, 0x0000028976860000)

Polling page: 0x0000028962510000

Metaspace:

Usage:
  Non-class:     69.61 MB used.
      Class:      8.11 MB used.
       Both:     77.71 MB used.

Virtual space:
  Non-class space:      128.00 MB reserved,      70.25 MB ( 55%) committed,  2 nodes.
      Class space:        1.00 GB reserved,       8.56 MB ( <1%) committed,  1 nodes.
             Both:        1.13 GB reserved,      78.81 MB (  7%) committed. 

Chunk freelists:
   Non-Class:  9.50 MB
       Class:  7.25 MB
        Both:  16.75 MB

MaxMetaspaceSize: unlimited
CompressedClassSpaceSize: 1.00 GB
Initial GC threshold: 21.00 MB
Current GC threshold: 131.19 MB
CDS: off
MetaspaceReclaimPolicy: balanced
 - commit_granule_bytes: 65536.
 - commit_granule_words: 8192.
 - virtual_space_node_default_size: 8388608.
 - enlarge_chunks_in_place: 1.
 - new_chunks_are_fully_committed: 0.
 - uncommit_free_chunks: 1.
 - use_allocation_guard: 0.
 - handle_deallocations: 1.


Internal statistics:

num_allocs_failed_limit: 13.
num_arena_births: 612.
num_arena_deaths: 14.
num_vsnodes_births: 3.
num_vsnodes_deaths: 0.
num_space_committed: 1261.
num_space_uncommitted: 0.
num_chunks_returned_to_freelist: 27.
num_chunks_taken_from_freelist: 3836.
num_chunk_merges: 17.
num_chunk_splits: 2425.
num_chunks_enlarged: 1483.
num_inconsistent_stats: 0.

CodeHeap 'non-profiled nmethods': size=120000Kb used=10349Kb max_used=10349Kb free=109650Kb
 bounds [0x000002896cdd0000, 0x000002896d7f0000, 0x0000028974300000]
CodeHeap 'profiled nmethods': size=120000Kb used=24668Kb max_used=24668Kb free=95331Kb
 bounds [0x0000028965300000, 0x0000028966b20000, 0x000002896c830000]
CodeHeap 'non-nmethods': size=5760Kb used=1394Kb max_used=1475Kb free=4365Kb
 bounds [0x000002896c830000, 0x000002896caa0000, 0x000002896cdd0000]
 total_blobs=11832 nmethods=11085 adapters=654
 compilation: enabled
              stopped_count=0, restarted_count=0
 full_count=0

Compilation events (20 events):
Event: 435.282 Thread 0x000002897b3166c0 nmethod 13626 0x000002896d7e6590 code [0x000002896d7e6720, 0x000002896d7e67f8]
Event: 435.755 Thread 0x000002897b3166c0 13627       3       java.lang.String::indexOf (64 bytes)
Event: 435.756 Thread 0x000002897b3166c0 nmethod 13627 0x0000028966b17690 code [0x0000028966b178a0, 0x0000028966b17d68]
Event: 435.768 Thread 0x000002897b3166c0 13628       3       org.eclipse.jdt.internal.compiler.parser.Parser::consumeSwitchBlockStatement (5 bytes)
Event: 435.768 Thread 0x000002897b3166c0 nmethod 13628 0x0000028966b17f10 code [0x0000028966b180a0, 0x0000028966b18248]
Event: 435.861 Thread 0x000002897b3166c0 13629       3       org.eclipse.core.internal.dtree.DataDeltaNode::compareWithParent (78 bytes)
Event: 435.862 Thread 0x000002897b3166c0 nmethod 13629 0x0000028966b18310 code [0x0000028966b18540, 0x0000028966b18db8]
Event: 436.445 Thread 0x00000289652fa720 13630       4       org.eclipse.jdt.internal.compiler.parser.Scanner::<init> (483 bytes)
Event: 436.483 Thread 0x00000289652fa720 nmethod 13630 0x000002896d7e6890 code [0x000002896d7e6ae0, 0x000002896d7e7c80]
Event: 436.483 Thread 0x00000289652fa720 13631       4       org.eclipse.jdt.internal.compiler.util.CharDeduplication$CacheReference::get (36 bytes)
Event: 436.484 Thread 0x00000289652fa720 nmethod 13631 0x000002896d7e8790 code [0x000002896d7e8900, 0x000002896d7e89b8]
Event: 436.589 Thread 0x000002897b3166c0 13632       3       org.eclipse.jdt.internal.core.util.PublicScanner::getCurrentTokenEndPosition (8 bytes)
Event: 436.589 Thread 0x000002897b3166c0 nmethod 13632 0x0000028966b19210 code [0x0000028966b193a0, 0x0000028966b19598]
Event: 436.700 Thread 0x000002897b3166c0 13633       1       org.eclipse.jdt.core.dom.SwitchStatement::getNodeType0 (3 bytes)
Event: 436.700 Thread 0x000002897b3166c0 nmethod 13633 0x000002896d7e8a90 code [0x000002896d7e8c20, 0x000002896d7e8cf8]
Event: 436.700 Thread 0x000002897b3166c0 13634       3       org.eclipse.jdt.core.dom.ASTRecoveryPropagator::flagNodesWithInsertedTokensAtEnd (196 bytes)
Event: 436.701 Thread 0x000002897b3166c0 nmethod 13634 0x0000028966b19690 code [0x0000028966b198c0, 0x0000028966b1a128]
Event: 436.735 Thread 0x00000289652fa720 13635       4       org.eclipse.jdt.core.Signature::appendClassTypeSignature (323 bytes)
Event: 436.763 Thread 0x00000289652fa720 nmethod 13635 0x000002896d7e8d90 code [0x000002896d7e8fa0, 0x000002896d7eaa90]
Event: 436.763 Thread 0x00000289652fa720 13636   !   4       org.eclipse.jdt.internal.compiler.parser.Scanner::jumpOverMethodBody (2085 bytes)

GC Heap History (20 events):
Event: 435.850 GC heap before
{Heap before GC invocations=495 (full 13):
 PSYoungGen      total 2048K, used 935K [0x00000000eab00000, 0x00000000eae00000, 0x0000000100000000)
  eden space 512K, 99% used [0x00000000eab00000,0x00000000eab7fff8,0x00000000eab80000)
  from space 1536K, 27% used [0x00000000eab80000,0x00000000eabea000,0x00000000ead00000)
  to   space 1024K, 0% used [0x00000000ead00000,0x00000000ead00000,0x00000000eae00000)
 ParOldGen       total 109568K, used 102089K [0x00000000c0000000, 0x00000000c6b00000, 0x00000000eab00000)
  object space 109568K, 93% used [0x00000000c0000000,0x00000000c63b25e8,0x00000000c6b00000)
 Metaspace       used 79573K, committed 80704K, reserved 1179648K
  class space    used 8299K, committed 8768K, reserved 1048576K
}
Event: 435.852 GC heap after
{Heap after GC invocations=495 (full 13):
 PSYoungGen      total 2048K, used 528K [0x00000000eab00000, 0x00000000eae00000, 0x0000000100000000)
  eden space 1024K, 0% used [0x00000000eab00000,0x00000000eab00000,0x00000000eac00000)
  from space 1024K, 51% used [0x00000000ead00000,0x00000000ead84000,0x00000000eae00000)
  to   space 1024K, 0% used [0x00000000eac00000,0x00000000eac00000,0x00000000ead00000)
 ParOldGen       total 109568K, used 102305K [0x00000000c0000000, 0x00000000c6b00000, 0x00000000eab00000)
  object space 109568K, 93% used [0x00000000c0000000,0x00000000c63e85e8,0x00000000c6b00000)
 Metaspace       used 79573K, committed 80704K, reserved 1179648K
  class space    used 8299K, committed 8768K, reserved 1048576K
}
Event: 435.864 GC heap before
{Heap before GC invocations=496 (full 13):
 PSYoungGen      total 2048K, used 1552K [0x00000000eab00000, 0x00000000eae00000, 0x0000000100000000)
  eden space 1024K, 100% used [0x00000000eab00000,0x00000000eac00000,0x00000000eac00000)
  from space 1024K, 51% used [0x00000000ead00000,0x00000000ead84000,0x00000000eae00000)
  to   space 1024K, 0% used [0x00000000eac00000,0x00000000eac00000,0x00000000ead00000)
 ParOldGen       total 109568K, used 102305K [0x00000000c0000000, 0x00000000c6b00000, 0x00000000eab00000)
  object space 109568K, 93% used [0x00000000c0000000,0x00000000c63e85e8,0x00000000c6b00000)
 Metaspace       used 79574K, committed 80704K, reserved 1179648K
  class space    used 8299K, committed 8768K, reserved 1048576K
}
Event: 435.867 GC heap after
{Heap after GC invocations=496 (full 13):
 PSYoungGen      total 2048K, used 1024K [0x00000000eab00000, 0x00000000eaf80000, 0x0000000100000000)
  eden space 1024K, 0% used [0x00000000eab00000,0x00000000eab00000,0x00000000eac00000)
  from space 1024K, 100% used [0x00000000eac00000,0x00000000ead00000,0x00000000ead00000)
  to   space 1536K, 0% used [0x00000000eae00000,0x00000000eae00000,0x00000000eaf80000)
 ParOldGen       total 109568K, used 102489K [0x00000000c0000000, 0x00000000c6b00000, 0x00000000eab00000)
  object space 109568K, 93% used [0x00000000c0000000,0x00000000c64165e8,0x00000000c6b00000)
 Metaspace       used 79574K, committed 80704K, reserved 1179648K
  class space    used 8299K, committed 8768K, reserved 1048576K
}
Event: 435.900 GC heap before
{Heap before GC invocations=497 (full 13):
 PSYoungGen      total 2048K, used 2048K [0x00000000eab00000, 0x00000000eaf80000, 0x0000000100000000)
  eden space 1024K, 100% used [0x00000000eab00000,0x00000000eac00000,0x00000000eac00000)
  from space 1024K, 100% used [0x00000000eac00000,0x00000000ead00000,0x00000000ead00000)
  to   space 1536K, 0% used [0x00000000eae00000,0x00000000eae00000,0x00000000eaf80000)
 ParOldGen       total 109568K, used 102489K [0x00000000c0000000, 0x00000000c6b00000, 0x00000000eab00000)
  object space 109568K, 93% used [0x00000000c0000000,0x00000000c64165e8,0x00000000c6b00000)
 Metaspace       used 79574K, committed 80704K, reserved 1179648K
  class space    used 8299K, committed 8768K, reserved 1048576K
}
Event: 435.902 GC heap after
{Heap after GC invocations=497 (full 13):
 PSYoungGen      total 2560K, used 1082K [0x00000000eab00000, 0x00000000eaf80000, 0x0000000100000000)
  eden space 1024K, 0% used [0x00000000eab00000,0x00000000eab00000,0x00000000eac00000)
  from space 1536K, 70% used [0x00000000eae00000,0x00000000eaf0eb00,0x00000000eaf80000)
  to   space 1536K, 0% used [0x00000000eac80000,0x00000000eac80000,0x00000000eae00000)
 ParOldGen       total 109568K, used 103497K [0x00000000c0000000, 0x00000000c6b00000, 0x00000000eab00000)
  object space 109568K, 94% used [0x00000000c0000000,0x00000000c65125e8,0x00000000c6b00000)
 Metaspace       used 79574K, committed 80704K, reserved 1179648K
  class space    used 8299K, committed 8768K, reserved 1048576K
}
Event: 435.906 GC heap before
{Heap before GC invocations=498 (full 13):
 PSYoungGen      total 2560K, used 2106K [0x00000000eab00000, 0x00000000eaf80000, 0x0000000100000000)
  eden space 1024K, 100% used [0x00000000eab00000,0x00000000eac00000,0x00000000eac00000)
  from space 1536K, 70% used [0x00000000eae00000,0x00000000eaf0eb00,0x00000000eaf80000)
  to   space 1536K, 0% used [0x00000000eac80000,0x00000000eac80000,0x00000000eae00000)
 ParOldGen       total 109568K, used 103497K [0x00000000c0000000, 0x00000000c6b00000, 0x00000000eab00000)
  object space 109568K, 94% used [0x00000000c0000000,0x00000000c65125e8,0x00000000c6b00000)
 Metaspace       used 79574K, committed 80704K, reserved 1179648K
  class space    used 8299K, committed 8768K, reserved 1048576K
}
Event: 435.908 GC heap after
{Heap after GC invocations=498 (full 13):
 PSYoungGen      total 3072K, used 1024K [0x00000000eab00000, 0x00000000eaf80000, 0x0000000100000000)
  eden space 1536K, 0% used [0x00000000eab00000,0x00000000eab00000,0x00000000eac80000)
  from space 1536K, 66% used [0x00000000eac80000,0x00000000ead80000,0x00000000eae00000)
  to   space 1536K, 0% used [0x00000000eae00000,0x00000000eae00000,0x00000000eaf80000)
 ParOldGen       total 109568K, used 104516K [0x00000000c0000000, 0x00000000c6b00000, 0x00000000eab00000)
  object space 109568K, 95% used [0x00000000c0000000,0x00000000c66110e8,0x00000000c6b00000)
 Metaspace       used 79574K, committed 80704K, reserved 1179648K
  class space    used 8299K, committed 8768K, reserved 1048576K
}
Event: 435.920 GC heap before
{Heap before GC invocations=499 (full 13):
 PSYoungGen      total 3072K, used 2560K [0x00000000eab00000, 0x00000000eaf80000, 0x0000000100000000)
  eden space 1536K, 100% used [0x00000000eab00000,0x00000000eac80000,0x00000000eac80000)
  from space 1536K, 66% used [0x00000000eac80000,0x00000000ead80000,0x00000000eae00000)
  to   space 1536K, 0% used [0x00000000eae00000,0x00000000eae00000,0x00000000eaf80000)
 ParOldGen       total 109568K, used 104516K [0x00000000c0000000, 0x00000000c6b00000, 0x00000000eab00000)
  object space 109568K, 95% used [0x00000000c0000000,0x00000000c66110e8,0x00000000c6b00000)
 Metaspace       used 79574K, committed 80704K, reserved 1179648K
  class space    used 8299K, committed 8768K, reserved 1048576K
}
Event: 435.922 GC heap after
{Heap after GC invocations=499 (full 13):
 PSYoungGen      total 3072K, used 1416K [0x00000000eab00000, 0x00000000eb000000, 0x0000000100000000)
  eden space 1536K, 0% used [0x00000000eab00000,0x00000000eab00000,0x00000000eac80000)
  from space 1536K, 92% used [0x00000000eae00000,0x00000000eaf62000,0x00000000eaf80000)
  to   space 1536K, 0% used [0x00000000eac80000,0x00000000eac80000,0x00000000eae00000)
 ParOldGen       total 109568K, used 105540K [0x00000000c0000000, 0x00000000c6b00000, 0x00000000eab00000)
  object space 109568K, 96% used [0x00000000c0000000,0x00000000c67110e8,0x00000000c6b00000)
 Metaspace       used 79574K, committed 80704K, reserved 1179648K
  class space    used 8299K, committed 8768K, reserved 1048576K
}
Event: 436.162 GC heap before
{Heap before GC invocations=500 (full 13):
 PSYoungGen      total 3072K, used 2952K [0x00000000eab00000, 0x00000000eb000000, 0x0000000100000000)
  eden space 1536K, 100% used [0x00000000eab00000,0x00000000eac80000,0x00000000eac80000)
  from space 1536K, 92% used [0x00000000eae00000,0x00000000eaf62000,0x00000000eaf80000)
  to   space 1536K, 0% used [0x00000000eac80000,0x00000000eac80000,0x00000000eae00000)
 ParOldGen       total 109568K, used 105540K [0x00000000c0000000, 0x00000000c6b00000, 0x00000000eab00000)
  object space 109568K, 96% used [0x00000000c0000000,0x00000000c67110e8,0x00000000c6b00000)
 Metaspace       used 79574K, committed 80704K, reserved 1179648K
  class space    used 8299K, committed 8768K, reserved 1048576K
}
Event: 436.164 GC heap after
{Heap after GC invocations=500 (full 13):
 PSYoungGen      total 3072K, used 912K [0x00000000eab00000, 0x00000000eaf80000, 0x0000000100000000)
  eden space 1536K, 0% used [0x00000000eab00000,0x00000000eab00000,0x00000000eac80000)
  from space 1536K, 59% used [0x00000000eac80000,0x00000000ead64000,0x00000000eae00000)
  to   space 1536K, 0% used [0x00000000eae00000,0x00000000eae00000,0x00000000eaf80000)
 ParOldGen       total 109568K, used 106740K [0x00000000c0000000, 0x00000000c6b00000, 0x00000000eab00000)
  object space 109568K, 97% used [0x00000000c0000000,0x00000000c683d0e8,0x00000000c6b00000)
 Metaspace       used 79574K, committed 80704K, reserved 1179648K
  class space    used 8299K, committed 8768K, reserved 1048576K
}
Event: 436.169 GC heap before
{Heap before GC invocations=501 (full 13):
 PSYoungGen      total 3072K, used 2448K [0x00000000eab00000, 0x00000000eaf80000, 0x0000000100000000)
  eden space 1536K, 100% used [0x00000000eab00000,0x00000000eac80000,0x00000000eac80000)
  from space 1536K, 59% used [0x00000000eac80000,0x00000000ead64000,0x00000000eae00000)
  to   space 1536K, 0% used [0x00000000eae00000,0x00000000eae00000,0x00000000eaf80000)
 ParOldGen       total 109568K, used 106740K [0x00000000c0000000, 0x00000000c6b00000, 0x00000000eab00000)
  object space 109568K, 97% used [0x00000000c0000000,0x00000000c683d0e8,0x00000000c6b00000)
 Metaspace       used 79574K, committed 80704K, reserved 1179648K
  class space    used 8299K, committed 8768K, reserved 1048576K
}
Event: 436.170 GC heap after
{Heap after GC invocations=501 (full 13):
 PSYoungGen      total 2560K, used 688K [0x00000000eab00000, 0x00000000eaf00000, 0x0000000100000000)
  eden space 1536K, 0% used [0x00000000eab00000,0x00000000eab00000,0x00000000eac80000)
  from space 1024K, 67% used [0x00000000eae00000,0x00000000eaeac010,0x00000000eaf00000)
  to   space 1024K, 0% used [0x00000000ead00000,0x00000000ead00000,0x00000000eae00000)
 ParOldGen       total 109568K, used 107578K [0x00000000c0000000, 0x00000000c6b00000, 0x00000000eab00000)
  object space 109568K, 98% used [0x00000000c0000000,0x00000000c690eb48,0x00000000c6b00000)
 Metaspace       used 79574K, committed 80704K, reserved 1179648K
  class space    used 8299K, committed 8768K, reserved 1048576K
}
Event: 436.691 GC heap before
{Heap before GC invocations=502 (full 13):
 PSYoungGen      total 2560K, used 2224K [0x00000000eab00000, 0x00000000eaf00000, 0x0000000100000000)
  eden space 1536K, 99% used [0x00000000eab00000,0x00000000eac7fff0,0x00000000eac80000)
  from space 1024K, 67% used [0x00000000eae00000,0x00000000eaeac010,0x00000000eaf00000)
  to   space 1024K, 0% used [0x00000000ead00000,0x00000000ead00000,0x00000000eae00000)
 ParOldGen       total 109568K, used 107578K [0x00000000c0000000, 0x00000000c6b00000, 0x00000000eab00000)
  object space 109568K, 98% used [0x00000000c0000000,0x00000000c690eb48,0x00000000c6b00000)
 Metaspace       used 79575K, committed 80704K, reserved 1179648K
  class space    used 8299K, committed 8768K, reserved 1048576K
}
Event: 436.693 GC heap after
{Heap after GC invocations=502 (full 13):
 PSYoungGen      total 2560K, used 288K [0x00000000eab00000, 0x00000000eae80000, 0x0000000100000000)
  eden space 1536K, 0% used [0x00000000eab00000,0x00000000eab00000,0x00000000eac80000)
  from space 1024K, 28% used [0x00000000ead00000,0x00000000ead48000,0x00000000eae00000)
  to   space 512K, 0% used [0x00000000eae00000,0x00000000eae00000,0x00000000eae80000)
 ParOldGen       total 109568K, used 108151K [0x00000000c0000000, 0x00000000c6b00000, 0x00000000eab00000)
  object space 109568K, 98% used [0x00000000c0000000,0x00000000c699dfe8,0x00000000c6b00000)
 Metaspace       used 79575K, committed 80704K, reserved 1179648K
  class space    used 8299K, committed 8768K, reserved 1048576K
}
Event: 436.743 GC heap before
{Heap before GC invocations=503 (full 13):
 PSYoungGen      total 2560K, used 1824K [0x00000000eab00000, 0x00000000eae80000, 0x0000000100000000)
  eden space 1536K, 100% used [0x00000000eab00000,0x00000000eac80000,0x00000000eac80000)
  from space 1024K, 28% used [0x00000000ead00000,0x00000000ead48000,0x00000000eae00000)
  to   space 512K, 0% used [0x00000000eae00000,0x00000000eae00000,0x00000000eae80000)
 ParOldGen       total 109568K, used 108151K [0x00000000c0000000, 0x00000000c6b00000, 0x00000000eab00000)
  object space 109568K, 98% used [0x00000000c0000000,0x00000000c699dfe8,0x00000000c6b00000)
 Metaspace       used 79575K, committed 80704K, reserved 1179648K
  class space    used 8299K, committed 8768K, reserved 1048576K
}
Event: 436.744 GC heap after
{Heap after GC invocations=503 (full 13):
 PSYoungGen      total 2048K, used 448K [0x00000000eab00000, 0x00000000eae80000, 0x0000000100000000)
  eden space 1536K, 0% used [0x00000000eab00000,0x00000000eab00000,0x00000000eac80000)
  from space 512K, 87% used [0x00000000eae00000,0x00000000eae70000,0x00000000eae80000)
  to   space 512K, 0% used [0x00000000ead80000,0x00000000ead80000,0x00000000eae00000)
 ParOldGen       total 109568K, used 108349K [0x00000000c0000000, 0x00000000c6b00000, 0x00000000eab00000)
  object space 109568K, 98% used [0x00000000c0000000,0x00000000c69cf488,0x00000000c6b00000)
 Metaspace       used 79575K, committed 80704K, reserved 1179648K
  class space    used 8299K, committed 8768K, reserved 1048576K
}
Event: 436.751 GC heap before
{Heap before GC invocations=504 (full 13):
 PSYoungGen      total 2048K, used 1984K [0x00000000eab00000, 0x00000000eae80000, 0x0000000100000000)
  eden space 1536K, 100% used [0x00000000eab00000,0x00000000eac80000,0x00000000eac80000)
  from space 512K, 87% used [0x00000000eae00000,0x00000000eae70000,0x00000000eae80000)
  to   space 512K, 0% used [0x00000000ead80000,0x00000000ead80000,0x00000000eae00000)
 ParOldGen       total 109568K, used 108349K [0x00000000c0000000, 0x00000000c6b00000, 0x00000000eab00000)
  object space 109568K, 98% used [0x00000000c0000000,0x00000000c69cf488,0x00000000c6b00000)
 Metaspace       used 79575K, committed 80704K, reserved 1179648K
  class space    used 8299K, committed 8768K, reserved 1048576K
}
Event: 436.753 GC heap after
{Heap after GC invocations=504 (full 13):
 PSYoungGen      total 2048K, used 496K [0x00000000eab00000, 0x00000000eaf80000, 0x0000000100000000)
  eden space 1536K, 0% used [0x00000000eab00000,0x00000000eab00000,0x00000000eac80000)
  from space 512K, 96% used [0x00000000ead80000,0x00000000eadfc010,0x00000000eae00000)
  to   space 1536K, 0% used [0x00000000eae00000,0x00000000eae00000,0x00000000eaf80000)
 ParOldGen       total 109568K, used 108890K [0x00000000c0000000, 0x00000000c6b00000, 0x00000000eab00000)
  object space 109568K, 99% used [0x00000000c0000000,0x00000000c6a56928,0x00000000c6b00000)
 Metaspace       used 79575K, committed 80704K, reserved 1179648K
  class space    used 8299K, committed 8768K, reserved 1048576K
}

Dll operation events (10 events):
Event: 0.025 Loaded shared library c:\Users\Ivan\.vscode\extensions\redhat.java-1.19.0-win32-x64\jre\17.0.7-win32-x86_64\bin\java.dll
Event: 0.361 Loaded shared library c:\Users\Ivan\.vscode\extensions\redhat.java-1.19.0-win32-x64\jre\17.0.7-win32-x86_64\bin\zip.dll
Event: 0.398 Loaded shared library C:\Users\Ivan\.vscode\extensions\redhat.java-1.19.0-win32-x64\jre\17.0.7-win32-x86_64\bin\instrument.dll
Event: 0.417 Loaded shared library C:\Users\Ivan\.vscode\extensions\redhat.java-1.19.0-win32-x64\jre\17.0.7-win32-x86_64\bin\net.dll
Event: 0.421 Loaded shared library C:\Users\Ivan\.vscode\extensions\redhat.java-1.19.0-win32-x64\jre\17.0.7-win32-x86_64\bin\nio.dll
Event: 0.448 Loaded shared library C:\Users\Ivan\.vscode\extensions\redhat.java-1.19.0-win32-x64\jre\17.0.7-win32-x86_64\bin\zip.dll
Event: 0.484 Loaded shared library C:\Users\Ivan\.vscode\extensions\redhat.java-1.19.0-win32-x64\jre\17.0.7-win32-x86_64\bin\jimage.dll
Event: 0.611 Loaded shared library c:\Users\Ivan\.vscode\extensions\redhat.java-1.19.0-win32-x64\jre\17.0.7-win32-x86_64\bin\verify.dll
Event: 2.284 Loaded shared library C:\Users\Ivan\AppData\Roaming\Code\User\globalStorage\redhat.java\1.19.0\config_win\org.eclipse.equinox.launcher\org.eclipse.equinox.launcher.win32.win32.x86_64_1.2.700.v20221108-1024\eclipse_11801.dll
Event: 6.043 Loaded shared library C:\Users\Ivan\AppData\Local\Temp\jna-2291258\jna3320835936526978332.dll

Deoptimization events (20 events):
Event: 428.208 Thread 0x000002897e884f10 Uncommon trap: trap_request=0xffffff45 fr.pc=0x000002896d63c094 relative=0x00000000000000f4
Event: 428.208 Thread 0x000002897e884f10 Uncommon trap: reason=unstable_if action=reinterpret pc=0x000002896d63c094 method=java.lang.CharacterData00.toLowerCase(I)I @ 12 c2
Event: 428.208 Thread 0x000002897e884f10 DEOPT PACKING pc=0x000002896d63c094 sp=0x000000b70dffe500
Event: 428.208 Thread 0x000002897e884f10 DEOPT UNPACKING pc=0x000002896c8866a3 sp=0x000000b70dffe478 mode 2
Event: 430.034 Thread 0x000002897c915240 DEOPT PACKING pc=0x0000028966a1433a sp=0x000000b70d6fe4f0
Event: 430.034 Thread 0x000002897c915240 DEOPT UNPACKING pc=0x000002896c886e43 sp=0x000000b70d6fd9e0 mode 0
Event: 430.443 Thread 0x000002897c915240 DEOPT PACKING pc=0x0000028966a0d3e1 sp=0x000000b70d6fe530
Event: 430.443 Thread 0x000002897c915240 DEOPT UNPACKING pc=0x000002896c886e43 sp=0x000000b70d6fda48 mode 0
Event: 432.717 Thread 0x000002897cd05950 Uncommon trap: trap_request=0xffffffc6 fr.pc=0x000002896d7bf350 relative=0x0000000000000cb0
Event: 432.717 Thread 0x000002897cd05950 Uncommon trap: reason=bimorphic_or_optimized_type_check action=maybe_recompile pc=0x000002896d7bf350 method=org.eclipse.jdt.internal.compiler.parser.Parser.consumeRule(I)V @ 4407 c2
Event: 432.717 Thread 0x000002897cd05950 DEOPT PACKING pc=0x000002896d7bf350 sp=0x000000b70d8fed20
Event: 432.717 Thread 0x000002897cd05950 DEOPT UNPACKING pc=0x000002896c8866a3 sp=0x000000b70d8fecb0 mode 2
Event: 432.912 Thread 0x000002897c915240 DEOPT PACKING pc=0x0000028966a1470b sp=0x000000b70d6fe260
Event: 432.912 Thread 0x000002897c915240 DEOPT UNPACKING pc=0x000002896c886e43 sp=0x000000b70d6fd760 mode 0
Event: 433.911 Thread 0x000002897cd05950 Uncommon trap: trap_request=0xffffffc6 fr.pc=0x000002896d7bf350 relative=0x0000000000000cb0
Event: 433.911 Thread 0x000002897cd05950 Uncommon trap: reason=bimorphic_or_optimized_type_check action=maybe_recompile pc=0x000002896d7bf350 method=org.eclipse.jdt.internal.compiler.parser.Parser.consumeRule(I)V @ 4407 c2
Event: 433.911 Thread 0x000002897cd05950 DEOPT PACKING pc=0x000002896d7bf350 sp=0x000000b70d8fed20
Event: 433.911 Thread 0x000002897cd05950 DEOPT UNPACKING pc=0x000002896c8866a3 sp=0x000000b70d8fecb0 mode 2
Event: 436.742 Thread 0x000002897e884f10 DEOPT PACKING pc=0x0000028966a1470b sp=0x000000b70dffded0
Event: 436.742 Thread 0x000002897e884f10 DEOPT UNPACKING pc=0x000002896c886e43 sp=0x000000b70dffd3d0 mode 0

Classes unloaded (7 events):
Event: 3.716 Thread 0x000002897b2628f0 Unloading class 0x000000010021a400 'java/lang/invoke/LambdaForm$MH+0x000000010021a400'
Event: 3.716 Thread 0x000002897b2628f0 Unloading class 0x000000010021a000 'java/lang/invoke/LambdaForm$MH+0x000000010021a000'
Event: 3.716 Thread 0x000002897b2628f0 Unloading class 0x0000000100219c00 'java/lang/invoke/LambdaForm$MH+0x0000000100219c00'
Event: 3.716 Thread 0x000002897b2628f0 Unloading class 0x0000000100219400 'java/lang/invoke/LambdaForm$MH+0x0000000100219400'
Event: 3.716 Thread 0x000002897b2628f0 Unloading class 0x0000000100219000 'java/lang/invoke/LambdaForm$BMH+0x0000000100219000'
Event: 3.716 Thread 0x000002897b2628f0 Unloading class 0x0000000100218c00 'java/lang/invoke/LambdaForm$DMH+0x0000000100218c00'
Event: 3.716 Thread 0x000002897b2628f0 Unloading class 0x0000000100216000 'java/lang/invoke/LambdaForm$DMH+0x0000000100216000'

Classes redefined (0 events):
No events

Internal exceptions (20 events):
Event: 367.368 Thread 0x000002897e888400 Exception <a 'java/lang/ArrayIndexOutOfBoundsException'{0x00000000eabece80}: Index 772 out of bounds for length 772> (0x00000000eabece80) 
thrown [s\src\hotspot\share\interpreter\interpreterRuntime.cpp, line 428]
Event: 367.389 Thread 0x000002897e888400 Exception <a 'java/lang/ArrayIndexOutOfBoundsException'{0x00000000eabc1bd0}: Index 772 out of bounds for length 772> (0x00000000eabc1bd0) 
thrown [s\src\hotspot\share\interpreter\interpreterRuntime.cpp, line 428]
Event: 367.991 Thread 0x000002897e884f10 Implicit null exception at 0x000002896d2c72e6 to 0x000002896d2c8da8
Event: 368.642 Thread 0x000002897e888400 Exception <a 'java/lang/ArrayIndexOutOfBoundsException'{0x00000000eabaef28}> (0x00000000eabaef28) 
thrown [s\src\hotspot\share\runtime\sharedRuntime.cpp, line 628]
Event: 368.652 Thread 0x000002897e888400 Exception <a 'java/lang/ArrayIndexOutOfBoundsException'{0x00000000eab6ab00}> (0x00000000eab6ab00) 
thrown [s\src\hotspot\share\runtime\sharedRuntime.cpp, line 628]
Event: 372.526 Thread 0x000002897e884f10 Exception <a 'java/lang/ArrayIndexOutOfBoundsException'{0x00000000eab363c0}> (0x00000000eab363c0) 
thrown [s\src\hotspot\share\runtime\sharedRuntime.cpp, line 628]
Event: 372.528 Thread 0x000002897e884f10 Implicit null exception at 0x000002896d199443 to 0x000002896d19d340
Event: 372.997 Thread 0x000002897e884f10 Exception <a 'java/lang/ArrayIndexOutOfBoundsException'{0x00000000ead08a48}> (0x00000000ead08a48) 
thrown [s\src\hotspot\share\runtime\sharedRuntime.cpp, line 628]
Event: 375.166 Thread 0x000002897e884f10 Exception <a 'java/lang/ArrayIndexOutOfBoundsException'{0x00000000ead4c958}> (0x00000000ead4c958) 
thrown [s\src\hotspot\share\runtime\sharedRuntime.cpp, line 628]
Event: 375.708 Thread 0x000002897e884f10 Exception <a 'java/lang/ArrayIndexOutOfBoundsException'{0x00000000eabe60e8}> (0x00000000eabe60e8) 
thrown [s\src\hotspot\share\runtime\sharedRuntime.cpp, line 628]
Event: 389.839 Thread 0x000002897cd05950 Exception <a 'sun/nio/fs/WindowsException'{0x00000000eacf15d0}> (0x00000000eacf15d0) 
thrown [s\src\hotspot\share\prims\jni.cpp, line 516]
Event: 390.071 Thread 0x000002897cd05950 Exception <a 'sun/nio/fs/WindowsException'{0x00000000eabf1550}> (0x00000000eabf1550) 
thrown [s\src\hotspot\share\prims\jni.cpp, line 516]
Event: 430.245 Thread 0x000002897e884f10 Exception <a 'java/lang/ArrayIndexOutOfBoundsException'{0x00000000eac4e448}> (0x00000000eac4e448) 
thrown [s\src\hotspot\share\runtime\sharedRuntime.cpp, line 628]
Event: 430.732 Thread 0x000002897e884f10 Exception <a 'java/lang/ArrayIndexOutOfBoundsException'{0x00000000eacc7cb0}> (0x00000000eacc7cb0) 
thrown [s\src\hotspot\share\runtime\sharedRuntime.cpp, line 628]
Event: 431.977 Thread 0x000002897cd05950 Exception <a 'sun/nio/fs/WindowsException'{0x00000000eabe0e78}> (0x00000000eabe0e78) 
thrown [s\src\hotspot\share\prims\jni.cpp, line 516]
Event: 432.211 Thread 0x000002897cd05950 Exception <a 'sun/nio/fs/WindowsException'{0x00000000eabfc490}> (0x00000000eabfc490) 
thrown [s\src\hotspot\share\prims\jni.cpp, line 516]
Event: 432.703 Thread 0x000002897e884f10 Exception <a 'java/lang/ArrayIndexOutOfBoundsException'{0x00000000eab2e9e0}> (0x00000000eab2e9e0) 
thrown [s\src\hotspot\share\runtime\sharedRuntime.cpp, line 628]
Event: 433.236 Thread 0x000002897e884f10 Exception <a 'java/lang/ArrayIndexOutOfBoundsException'{0x00000000eabfb638}> (0x00000000eabfb638) 
thrown [s\src\hotspot\share\runtime\sharedRuntime.cpp, line 628]
Event: 435.788 Thread 0x000002897cd05950 Exception <a 'sun/nio/fs/WindowsException'{0x00000000eac4aea8}> (0x00000000eac4aea8) 
thrown [s\src\hotspot\share\prims\jni.cpp, line 516]
Event: 435.949 Thread 0x000002897cd05950 Exception <a 'sun/nio/fs/WindowsException'{0x00000000eaba2ca0}> (0x00000000eaba2ca0) 
thrown [s\src\hotspot\share\prims\jni.cpp, line 516]

VM Operations (20 events):
Event: 435.850 Executing VM operation: ParallelGCFailedAllocation
Event: 435.852 Executing VM operation: ParallelGCFailedAllocation done
Event: 435.864 Executing VM operation: ParallelGCFailedAllocation
Event: 435.867 Executing VM operation: ParallelGCFailedAllocation done
Event: 435.900 Executing VM operation: ParallelGCFailedAllocation
Event: 435.902 Executing VM operation: ParallelGCFailedAllocation done
Event: 435.906 Executing VM operation: ParallelGCFailedAllocation
Event: 435.908 Executing VM operation: ParallelGCFailedAllocation done
Event: 435.920 Executing VM operation: ParallelGCFailedAllocation
Event: 435.922 Executing VM operation: ParallelGCFailedAllocation done
Event: 436.161 Executing VM operation: ParallelGCFailedAllocation
Event: 436.164 Executing VM operation: ParallelGCFailedAllocation done
Event: 436.169 Executing VM operation: ParallelGCFailedAllocation
Event: 436.171 Executing VM operation: ParallelGCFailedAllocation done
Event: 436.691 Executing VM operation: ParallelGCFailedAllocation
Event: 436.693 Executing VM operation: ParallelGCFailedAllocation done
Event: 436.743 Executing VM operation: ParallelGCFailedAllocation
Event: 436.744 Executing VM operation: ParallelGCFailedAllocation done
Event: 436.751 Executing VM operation: ParallelGCFailedAllocation
Event: 436.753 Executing VM operation: ParallelGCFailedAllocation done

Events (20 events):
Event: 317.467 loading class java/io/ObjectOutputStream$ReplaceTable done
Event: 318.570 Thread 0x000002897d632490 Thread added: 0x000002897d632490
Event: 324.287 Thread 0x000002897d632490 Thread exited: 0x000002897d632490
Event: 367.387 Thread 0x000002897b317b60 flushing nmethod 0x000002896593b010
Event: 367.390 Thread 0x000002897b317b60 flushing nmethod 0x0000028965c26a90
Event: 367.392 Thread 0x000002897b317b60 flushing nmethod 0x0000028965ead190
Event: 367.395 Thread 0x000002897b317b60 flushing nmethod 0x0000028965f93490
Event: 367.395 Thread 0x000002897b317b60 flushing nmethod 0x000002896603f390
Event: 367.397 Thread 0x000002897b317b60 flushing nmethod 0x0000028966206710
Event: 367.399 Thread 0x000002897b317b60 flushing nmethod 0x00000289663b4090
Event: 367.405 Thread 0x000002897b317b60 flushing nmethod 0x00000289666bda90
Event: 367.406 Thread 0x000002897b317b60 flushing nmethod 0x00000289667c5790
Event: 367.503 Thread 0x000002897d635730 Thread added: 0x000002897d635730
Event: 367.513 loading class java/util/stream/Nodes$IntSpinedNodeBuilder
Event: 367.513 loading class java/util/stream/SpinedBuffer$OfInt
Event: 367.515 loading class java/util/stream/SpinedBuffer$OfPrimitive
Event: 367.515 loading class java/util/stream/SpinedBuffer$OfPrimitive done
Event: 367.515 loading class java/util/stream/SpinedBuffer$OfInt done
Event: 367.518 loading class java/util/stream/Nodes$IntSpinedNodeBuilder done
Event: 369.393 Thread 0x000002897d635730 Thread exited: 0x000002897d635730


Dynamic libraries:
0x00007ff7b0420000 - 0x00007ff7b042e000 	c:\Users\Ivan\.vscode\extensions\redhat.java-1.19.0-win32-x64\jre\17.0.7-win32-x86_64\bin\java.exe
0x00007ff91ebf0000 - 0x00007ff91eddd000 	C:\Windows\SYSTEM32\ntdll.dll
0x00007ff91cf00000 - 0x00007ff91cfb3000 	C:\Windows\System32\KERNEL32.DLL
0x00007ff91acc0000 - 0x00007ff91af53000 	C:\Windows\System32\KERNELBASE.dll
0x00007ff91ba00000 - 0x00007ff91bafa000 	C:\Windows\System32\ucrtbase.dll
0x00007ff910450000 - 0x00007ff910467000 	c:\Users\Ivan\.vscode\extensions\redhat.java-1.19.0-win32-x64\jre\17.0.7-win32-x86_64\bin\jli.dll
0x00007ff91c470000 - 0x00007ff91c607000 	C:\Windows\System32\USER32.dll
0x00007ff91bdd0000 - 0x00007ff91bdf0000 	C:\Windows\System32\win32u.dll
0x00007ff91c750000 - 0x00007ff91c779000 	C:\Windows\System32\GDI32.dll
0x00007ff91b070000 - 0x00007ff91b209000 	C:\Windows\System32\gdi32full.dll
0x00007ff91b210000 - 0x00007ff91b2b0000 	C:\Windows\System32\msvcp_win.dll
0x00007ff905740000 - 0x00007ff905759000 	c:\Users\Ivan\.vscode\extensions\redhat.java-1.19.0-win32-x64\jre\17.0.7-win32-x86_64\bin\VCRUNTIME140.dll
0x00007ff90d110000 - 0x00007ff90d389000 	C:\Windows\WinSxS\amd64_microsoft.windows.common-controls_6595b64144ccf1df_6.0.17763.615_none_05b4414a072024d4\COMCTL32.dll
0x00007ff91c830000 - 0x00007ff91c8ce000 	C:\Windows\System32\msvcrt.dll
0x00007ff91c8d0000 - 0x00007ff91cbfc000 	C:\Windows\System32\combase.dll
0x00007ff91cfc0000 - 0x00007ff91d0e2000 	C:\Windows\System32\RPCRT4.dll
0x00007ff91bd30000 - 0x00007ff91bdae000 	C:\Windows\System32\bcryptPrimitives.dll
0x00007ff91cd80000 - 0x00007ff91cdae000 	C:\Windows\System32\IMM32.DLL
0x00007ff91a900000 - 0x00007ff91a9f7000 	C:\Windows\system32\guard64.dll
0x00007ff91cdb0000 - 0x00007ff91ce53000 	C:\Windows\System32\ADVAPI32.dll
0x00007ff91ce60000 - 0x00007ff91cefe000 	C:\Windows\System32\sechost.dll
0x00007ff91a8f0000 - 0x00007ff91a8fa000 	C:\Windows\system32\version.dll
0x00007ff91cc00000 - 0x00007ff91cd55000 	C:\Windows\System32\ole32.dll
0x00007ff91a8e0000 - 0x00007ff91a8ea000 	C:\Windows\system32\fltlib.dll
0x00007ff91d1f0000 - 0x00007ff91e6e0000 	C:\Windows\System32\shell32.dll
0x00007ff91bb00000 - 0x00007ff91bb4a000 	C:\Windows\System32\cfgmgr32.dll
0x00007ff91c780000 - 0x00007ff91c828000 	C:\Windows\System32\shcore.dll
0x00007ff91b2b0000 - 0x00007ff91b9fa000 	C:\Windows\System32\windows.storage.dll
0x00007ff91ac90000 - 0x00007ff91acb4000 	C:\Windows\System32\profapi.dll
0x00007ff91ac30000 - 0x00007ff91ac8d000 	C:\Windows\System32\powrprof.dll
0x00007ff91bfb0000 - 0x00007ff91c002000 	C:\Windows\System32\shlwapi.dll
0x00007ff91ac10000 - 0x00007ff91ac21000 	C:\Windows\System32\kernel.appcore.dll
0x00007ff91bdb0000 - 0x00007ff91bdc7000 	C:\Windows\System32\cryptsp.dll
0x00007ff9178f0000 - 0x00007ff9178fc000 	c:\Users\Ivan\.vscode\extensions\redhat.java-1.19.0-win32-x64\jre\17.0.7-win32-x86_64\bin\vcruntime140_1.dll
0x00007ff8fd820000 - 0x00007ff8fd8b1000 	c:\Users\Ivan\.vscode\extensions\redhat.java-1.19.0-win32-x64\jre\17.0.7-win32-x86_64\bin\msvcp140.dll
0x00007ff8f8d30000 - 0x00007ff8f9978000 	c:\Users\Ivan\.vscode\extensions\redhat.java-1.19.0-win32-x64\jre\17.0.7-win32-x86_64\bin\server\jvm.dll
0x00007ff910ea0000 - 0x00007ff910ea9000 	C:\Windows\SYSTEM32\WSOCK32.dll
0x00007ff91c010000 - 0x00007ff91c07d000 	C:\Windows\System32\WS2_32.dll
0x00007ff9178b0000 - 0x00007ff9178d4000 	C:\Windows\SYSTEM32\WINMM.dll
0x00007ff917880000 - 0x00007ff9178ad000 	C:\Windows\SYSTEM32\WINMMBASE.dll
0x00007ff9109c0000 - 0x00007ff9109ca000 	c:\Users\Ivan\.vscode\extensions\redhat.java-1.19.0-win32-x64\jre\17.0.7-win32-x86_64\bin\jimage.dll
0x00007ff90a020000 - 0x00007ff90a20d000 	C:\Windows\SYSTEM32\DBGHELP.DLL
0x00007ff8cd180000 - 0x00007ff8cd1aa000 	C:\Windows\SYSTEM32\dbgcore.DLL
0x00007ff90bb50000 - 0x00007ff90bb5e000 	c:\Users\Ivan\.vscode\extensions\redhat.java-1.19.0-win32-x64\jre\17.0.7-win32-x86_64\bin\instrument.dll
0x00007ff8fe0f0000 - 0x00007ff8fe115000 	c:\Users\Ivan\.vscode\extensions\redhat.java-1.19.0-win32-x64\jre\17.0.7-win32-x86_64\bin\java.dll
0x00007ff8fdec0000 - 0x00007ff8fded8000 	c:\Users\Ivan\.vscode\extensions\redhat.java-1.19.0-win32-x64\jre\17.0.7-win32-x86_64\bin\zip.dll
0x00007ff8fe0d0000 - 0x00007ff8fe0e9000 	C:\Users\Ivan\.vscode\extensions\redhat.java-1.19.0-win32-x64\jre\17.0.7-win32-x86_64\bin\net.dll
0x00007ff911a80000 - 0x00007ff911b72000 	C:\Windows\SYSTEM32\WINHTTP.dll
0x00007ff91a340000 - 0x00007ff91a3a7000 	C:\Windows\system32\mswsock.dll
0x00007ff8fd800000 - 0x00007ff8fd815000 	C:\Users\Ivan\.vscode\extensions\redhat.java-1.19.0-win32-x64\jre\17.0.7-win32-x86_64\bin\nio.dll
0x00007ff9068f0000 - 0x00007ff906900000 	c:\Users\Ivan\.vscode\extensions\redhat.java-1.19.0-win32-x64\jre\17.0.7-win32-x86_64\bin\verify.dll
0x00007ff8fd3d0000 - 0x00007ff8fd40e000 	C:\Users\Ivan\AppData\Roaming\Code\User\globalStorage\redhat.java\1.19.0\config_win\org.eclipse.equinox.launcher\org.eclipse.equinox.launcher.win32.win32.x86_64_1.2.700.v20221108-1024\eclipse_11801.dll
0x00007ff919f00000 - 0x00007ff919f33000 	C:\Windows\system32\rsaenh.dll
0x00007ff91bdf0000 - 0x00007ff91be16000 	C:\Windows\System32\bcrypt.dll
0x00007ff91ab20000 - 0x00007ff91ab48000 	C:\Windows\SYSTEM32\USERENV.dll
0x00007ff91a510000 - 0x00007ff91a51c000 	C:\Windows\SYSTEM32\CRYPTBASE.dll
0x00007ff91a0a0000 - 0x00007ff91a0dd000 	C:\Windows\SYSTEM32\IPHLPAPI.DLL
0x00007ff91cd70000 - 0x00007ff91cd78000 	C:\Windows\System32\NSI.dll
0x00007ff912730000 - 0x00007ff912746000 	C:\Windows\SYSTEM32\dhcpcsvc6.DLL
0x00007ff912750000 - 0x00007ff91276c000 	C:\Windows\SYSTEM32\dhcpcsvc.DLL
0x00007ff91a0f0000 - 0x00007ff91a1b6000 	C:\Windows\SYSTEM32\DNSAPI.dll
0x00007ff8fd380000 - 0x00007ff8fd3c5000 	C:\Users\Ivan\AppData\Local\Temp\jna-2291258\jna3320835936526978332.dll
0x00007ff91c670000 - 0x00007ff91c678000 	C:\Windows\System32\PSAPI.DLL

dbghelp: loaded successfully - version: 4.0.5 - missing functions: none
symbol engine: initialized successfully - sym options: 0x614 - pdb path: .;c:\Users\Ivan\.vscode\extensions\redhat.java-1.19.0-win32-x64\jre\17.0.7-win32-x86_64\bin;C:\Windows\SYSTEM32;C:\Windows\WinSxS\amd64_microsoft.windows.common-controls_6595b64144ccf1df_6.0.17763.615_none_05b4414a072024d4;c:\Users\Ivan\.vscode\extensions\redhat.java-1.19.0-win32-x64\jre\17.0.7-win32-x86_64\bin\server;C:\Users\Ivan\AppData\Roaming\Code\User\globalStorage\redhat.java\1.19.0\config_win\org.eclipse.equinox.launcher\org.eclipse.equinox.launcher.win32.win32.x86_64_1.2.700.v20221108-1024;C:\Users\Ivan\AppData\Local\Temp\jna-2291258

VM Arguments:
jvm_args: --add-modules=ALL-SYSTEM --add-opens=java.base/java.util=ALL-UNNAMED --add-opens=java.base/java.lang=ALL-UNNAMED --add-opens=java.base/sun.nio.fs=ALL-UNNAMED -Declipse.application=org.eclipse.jdt.ls.core.id1 -Dosgi.bundles.defaultStartLevel=4 -Declipse.product=org.eclipse.jdt.ls.core.product -Djava.import.generatesMetadataFilesAtProjectRoot=false -Dfile.encoding=utf8 -XX:+UseParallelGC -XX:GCTimeRatio=4 -XX:AdaptiveSizePolicyWeight=90 -Dsun.zip.disableMemoryMapping=true -Xmx1G -Xms100m -Xlog:disable -javaagent:c:\Users\Ivan\.vscode\extensions\redhat.java-1.19.0-win32-x64\lombok\lombok-1.18.28.jar -XX:+HeapDumpOnOutOfMemoryError -XX:HeapDumpPath=c:\Users\Ivan\AppData\Roaming\Code\User\workspaceStorage\4d1552600e81aa830daef018cde4ffe3\redhat.java -Daether.dependencyCollector.impl=bf 
java_command: c:\Users\Ivan\.vscode\extensions\redhat.java-1.19.0-win32-x64\server\plugins\org.eclipse.equinox.launcher_1.6.400.v20210924-0641.jar -configuration c:\Users\Ivan\AppData\Roaming\Code\User\globalStorage\redhat.java\1.19.0\config_win -data c:\Users\Ivan\AppData\Roaming\Code\User\workspaceStorage\4d1552600e81aa830daef018cde4ffe3\redhat.java\jdt_ws
java_class_path (initial): c:\Users\Ivan\.vscode\extensions\redhat.java-1.19.0-win32-x64\server\plugins\org.eclipse.equinox.launcher_1.6.400.v20210924-0641.jar
Launcher Type: SUN_STANDARD

[Global flags]
    uintx AdaptiveSizePolicyWeight                 = 90                                        {product} {command line}
     intx CICompilerCount                          = 3                                         {product} {ergonomic}
    uintx GCTimeRatio                              = 4                                         {product} {command line}
     bool HeapDumpOnOutOfMemoryError               = true                                   {manageable} {command line}
    ccstr HeapDumpPath                             = c:\Users\Ivan\AppData\Roaming\Code\User\workspaceStorage\4d1552600e81aa830daef018cde4ffe3\redhat.java         {manageable} {command line}
   size_t InitialHeapSize                          = 104857600                                 {product} {command line}
   size_t MaxHeapSize                              = 1073741824                                {product} {command line}
   size_t MaxNewSize                               = 357564416                                 {product} {ergonomic}
   size_t MinHeapDeltaBytes                        = 524288                                    {product} {ergonomic}
   size_t MinHeapSize                              = 104857600                                 {product} {command line}
   size_t NewSize                                  = 34603008                                  {product} {ergonomic}
    uintx NonNMethodCodeHeapSize                   = 5832780                                {pd product} {ergonomic}
    uintx NonProfiledCodeHeapSize                  = 122912730                              {pd product} {ergonomic}
   size_t OldSize                                  = 70254592                                  {product} {ergonomic}
    uintx ProfiledCodeHeapSize                     = 122912730                              {pd product} {ergonomic}
    uintx ReservedCodeCacheSize                    = 251658240                              {pd product} {ergonomic}
     bool SegmentedCodeCache                       = true                                      {product} {ergonomic}
   size_t SoftMaxHeapSize                          = 1073741824                             {manageable} {ergonomic}
     bool UseCompressedClassPointers               = true                           {product lp64_product} {ergonomic}
     bool UseCompressedOops                        = true                           {product lp64_product} {ergonomic}
     bool UseLargePagesIndividualAllocation        = false                                  {pd product} {ergonomic}
     bool UseParallelGC                            = true                                      {product} {command line}

Logging:
Log output configuration:
 #0: stdout all=off uptime,level,tags
 #1: stderr all=off uptime,level,tags

Environment Variables:
PATH=C:\Program Files\Common Files\Oracle\Java\javapath;C:\Python\Scripts\;C:\Python\;C:\Users\Ivan\AppData\Local\Programs\Python;C:\Windows\system32;C:\Windows;C:\Windows\System32\Wbem;C:\Windows\System32\WindowsPowerShell\v1.0\;C:\Windows\System32\OpenSSH\;C:\Program Files (x86)\Microsoft SQL Server\100\Tools\Binn\;C:\Program Files\Microsoft SQL Server\100\Tools\Binn\;C:\Program Files\Microsoft SQL Server\100\DTS\Binn\;C:\Program Files\Git\cmd;C:\Program Files\dotnet\;C:\Users\Ivan\AppData\Local\Programs\Python;C:\Users\Ivan\AppData\Local\Microsoft\WindowsApps;C:\Users\Ivan\AppData\Local\Programs\Microsoft VS Code\bin;C:\Users\Ivan\.dotnet\tools;C:\Users\Ivan\AppData\Local\GitHubDesktop\bin;C:\Python;
USERNAME=Ivan
OS=Windows_NT
PROCESSOR_IDENTIFIER=Intel64 Family 6 Model 42 Stepping 7, GenuineIntel
TMP=C:\Users\Ivan\AppData\Local\Temp
TEMP=C:\Users\Ivan\AppData\Local\Temp



---------------  S Y S T E M  ---------------

OS:
 Windows 10 , 64 bit Build 17763 (10.0.17763.475)
OS uptime: 0 days 0:36 hours

CPU: total 4 (initial active 4) (2 cores per cpu, 2 threads per core) family 6 model 42 stepping 7 microcode 0x2e, cx8, cmov, fxsr, ht, mmx, sse, sse2, sse3, ssse3, sse4.1, sse4.2, popcnt, tsc, tscinvbit, avx, clmul, vzeroupper, clflush

Memory: 4k page, system-wide physical 12245M (4196M free)
TotalPageFile size 12245M (AvailPageFile size 5M)
current process WorkingSet (physical memory assigned to process): 351M, peak: 375M
current process commit charge ("private bytes"): 375M, peak: 420M

vm_info: OpenJDK 64-Bit Server VM (17.0.7+7) for windows-amd64 JRE (17.0.7+7), built on Apr 18 2023 22:10:42 by "temurin" with MS VC++ 16.7 (VS2019)

END.
