#
# A fatal error has been detected by the Java Runtime Environment:
#
#  EXCEPTION_ACCESS_VIOLATION (0xc0000005) at pc=0x00007ff9109c1be1, pid=11344, tid=13460
#
# JRE version:  (17.0.7+7) (build )
# Java VM: OpenJDK 64-Bit Server VM (17.0.7+7, mixed mode, sharing, tiered, unknown gc, windows-amd64)
# Problematic frame:
# C  [jimage.dll+0x1be1]
#
# No core dump will be written. Minidumps are not enabled by default on client versions of Windows
#
#

---------------  S U M M A R Y ------------

Command Line: 

Host: Intel(R) Core(TM) i3-2120 CPU @ 3.30GHz, 4 cores, 11G,  Windows 10 , 64 bit Build 17763 (10.0.17763.475)
Time: Tue Jun 20 19:25:31 2023 RTZ 2 (зима) elapsed time: 0.010973 seconds (0d 0h 0m 0s)

---------------  T H R E A D  ---------------

Current thread is native thread

Stack: [0x0000009340700000,0x0000009340800000],  sp=0x00000093407fd920,  free space=1014k
Native frames: (J=compiled Java code, j=interpreted, Vv=VM code, C=native code)
C  [jimage.dll+0x1be1]


siginfo: EXCEPTION_ACCESS_VIOLATION (0xc0000005), reading address 0x00000000000016ac


Registers:
RAX=0x00000000000005a4, RBX=0x00000093407fda11, RCX=0x00007ff9109c6000, RDX=0x00000000000005a4
RSP=0x00000093407fd920, RBP=0x00000093407fda10, RSI=0x0000000000007196, RDI=0x00000093407fda10
R8 =0x00007ff9109c4288, R9 =0x000000000000001c, R10=0x00007ff8f9666b00, R11=0x00007ff9109c6000
R12=0x0000000000000002, R13=0x00000291684c5900, R14=0x00000093407fea80, R15=0x00007ff8f9666b78
RIP=0x00007ff9109c1be1, EFLAGS=0x0000000000010246

Top of Stack: (sp=0x00000093407fd920)
0x00000093407fd920:   0000000000000000 0000029168548e60
0x00000093407fd930:   00000093407fdea8 00000291685687f0
0x00000093407fd940:   0000029168516520 00007ff9109c1d6f
0x00000093407fd950:   000000000000000b 0000029168516520
0x00000093407fd960:   0000000000000000 ffffffff00000000
0x00000093407fd970:   000000000235bec4 0000000000000031
0x00000093407fd980:   0000004000000000 000002ce00000020
0x00000093407fd990:   0000009300000000 00000093407fdbe8
0x00000093407fd9a0:   00000093407fe380 00000291000002ca
0x00000093407fd9b0:   00007df984787ec4 000000930000006c
0x00000093407fd9c0:   00007ff8f9645670 0000000000000017
0x00000093407fd9d0:   0000029168516520 00000093407fea80
0x00000093407fd9e0:   000000000000000b 00007ff9109c264d
0x00000093407fd9f0:   00000093407fdd10 0000029168416160
0x00000093407fda00:   000000007ffe0030 00000291000000ce
0x00000093407fda10:   61622e6176616a2f 692f6b646a2f6573 

Instructions: (pc=0x00007ff9109c1be1)
0x00007ff9109c1ae1:   48 85 c9 74 1d 80 3d 23 45 00 00 00 74 06 48 8b
0x00007ff9109c1af1:   53 18 eb 04 48 8b 53 40 e8 ae 0e 00 00 48 83 63
0x00007ff9109c1b01:   48 00 8b 4b 0c 83 f9 ff 74 09 e8 e4 0c 00 00 83
0x00007ff9109c1b11:   4b 0c ff 48 8b 4b 70 48 85 c9 74 0f ba 10 00 00
0x00007ff9109c1b21:   00 e8 fd 0e 00 00 48 83 63 70 00 48 83 c4 20 5b
0x00007ff9109c1b31:   c3 cc cc 40 53 48 83 ec 20 48 8b d9 48 8d 0d dc
0x00007ff9109c1b41:   46 00 00 e8 b3 0c 00 00 83 6b 08 01 75 24 48 8b
0x00007ff9109c1b51:   d3 48 8d 0d bf 44 00 00 e8 22 08 00 00 48 8b cb
0x00007ff9109c1b61:   e8 de fe ff ff ba 78 00 00 00 48 8b cb e8 b1 0e
0x00007ff9109c1b71:   00 00 48 8d 0d a6 46 00 00 48 83 c4 20 5b e9 80
0x00007ff9109c1b81:   0c 00 00 48 89 5c 24 08 48 89 74 24 10 57 48 83
0x00007ff9109c1b91:   ec 20 41 8b f1 4d 8b c8 48 8b fa 4c 8b d9 4d 85
0x00007ff9109c1ba1:   c0 74 78 85 f6 74 74 44 8a 12 48 8d 5a 01 48 8b
0x00007ff9109c1bb1:   d3 b8 93 01 00 01 eb 12 69 c0 93 01 00 01 41 0f
0x00007ff9109c1bc1:   b6 ca 44 8a 12 33 c1 48 ff c2 45 84 d2 75 e9 4d
0x00007ff9109c1bd1:   8b 03 0f ba f0 1f 33 d2 49 8b cb f7 f6 48 63 c2
0x00007ff9109c1be1:   41 8b 14 81 41 ff 50 08 85 c0 7e 24 8a 0f eb 10
0x00007ff9109c1bf1:   69 c0 93 01 00 01 0f b6 c9 33 c1 8a 0b 48 ff c3
0x00007ff9109c1c01:   84 c9 75 ec 0f ba f0 1f 33 d2 f7 f6 8b c2 eb 0e
0x00007ff9109c1c11:   79 09 83 c9 ff 2b c8 8b c1 eb 03 83 c8 ff 48 8b
0x00007ff9109c1c21:   5c 24 30 48 8b 74 24 38 48 83 c4 20 5f c3 cc 48
0x00007ff9109c1c31:   89 5c 24 08 48 89 74 24 10 57 48 83 ec 20 48 8b
0x00007ff9109c1c41:   f1 48 8d 0d d7 45 00 00 e8 ae 0b 00 00 33 ff 39
0x00007ff9109c1c51:   3d c2 43 00 00 76 24 48 8b 05 c1 43 00 00 48 8b
0x00007ff9109c1c61:   d6 48 8b 1c f8 48 8b 0b e8 72 1e 00 00 85 c0 74
0x00007ff9109c1c71:   2b ff c7 3b 3d 9e 43 00 00 72 dc 33 db 48 8d 0d
0x00007ff9109c1c81:   9b 45 00 00 e8 7a 0b 00 00 48 8b 74 24 38 48 8b
0x00007ff9109c1c91:   c3 48 8b 5c 24 30 48 83 c4 20 5f c3 ff 43 08 eb
0x00007ff9109c1ca1:   dc cc cc 48 89 5c 24 08 48 89 74 24 10 57 48 83
0x00007ff9109c1cb1:   ec 20 48 8b d9 48 8b f2 48 8b 49 10 49 8b f8 8b
0x00007ff9109c1cc1:   53 30 48 8b 01 ff 50 20 4c 8b 43 50 48 8b d6 48
0x00007ff9109c1cd1:   8b 4b 10 44 8b c8 e8 a8 fe ff ff 83 f8 ff 74 38 



---------------  P R O C E S S  ---------------

VM state: not at safepoint (not fully initialized)

VM Mutex/Monitor currently owned by a thread: None

GC Precious Log:
<Not initialized>


Dynamic libraries:
0x00007ff7b0420000 - 0x00007ff7b042e000 	c:\Users\Ivan\.vscode\extensions\redhat.java-1.19.0-win32-x64\jre\17.0.7-win32-x86_64\bin\java.exe
0x00007ff91ebf0000 - 0x00007ff91eddd000 	C:\Windows\SYSTEM32\ntdll.dll
0x00007ff91cf00000 - 0x00007ff91cfb3000 	C:\Windows\System32\KERNEL32.DLL
0x00007ff91acc0000 - 0x00007ff91af53000 	C:\Windows\System32\KERNELBASE.dll
0x00007ff91ba00000 - 0x00007ff91bafa000 	C:\Windows\System32\ucrtbase.dll
0x00007ff910450000 - 0x00007ff910467000 	c:\Users\Ivan\.vscode\extensions\redhat.java-1.19.0-win32-x64\jre\17.0.7-win32-x86_64\bin\jli.dll
0x00007ff91c470000 - 0x00007ff91c607000 	C:\Windows\System32\USER32.dll
0x00007ff91bdd0000 - 0x00007ff91bdf0000 	C:\Windows\System32\win32u.dll
0x00007ff91c750000 - 0x00007ff91c779000 	C:\Windows\System32\GDI32.dll
0x00007ff91b070000 - 0x00007ff91b209000 	C:\Windows\System32\gdi32full.dll
0x00007ff91b210000 - 0x00007ff91b2b0000 	C:\Windows\System32\msvcp_win.dll
0x00007ff905740000 - 0x00007ff905759000 	c:\Users\Ivan\.vscode\extensions\redhat.java-1.19.0-win32-x64\jre\17.0.7-win32-x86_64\bin\VCRUNTIME140.dll
0x00007ff90d110000 - 0x00007ff90d389000 	C:\Windows\WinSxS\amd64_microsoft.windows.common-controls_6595b64144ccf1df_6.0.17763.615_none_05b4414a072024d4\COMCTL32.dll
0x00007ff91c830000 - 0x00007ff91c8ce000 	C:\Windows\System32\msvcrt.dll
0x00007ff91c8d0000 - 0x00007ff91cbfc000 	C:\Windows\System32\combase.dll
0x00007ff91cfc0000 - 0x00007ff91d0e2000 	C:\Windows\System32\RPCRT4.dll
0x00007ff91bd30000 - 0x00007ff91bdae000 	C:\Windows\System32\bcryptPrimitives.dll
0x00007ff91cd80000 - 0x00007ff91cdae000 	C:\Windows\System32\IMM32.DLL
0x00007ff91a900000 - 0x00007ff91a9f7000 	C:\Windows\system32\guard64.dll
0x00007ff91cdb0000 - 0x00007ff91ce53000 	C:\Windows\System32\ADVAPI32.dll
0x00007ff91ce60000 - 0x00007ff91cefe000 	C:\Windows\System32\sechost.dll
0x00007ff91a8f0000 - 0x00007ff91a8fa000 	C:\Windows\system32\version.dll
0x00007ff91cc00000 - 0x00007ff91cd55000 	C:\Windows\System32\ole32.dll
0x00007ff91a8e0000 - 0x00007ff91a8ea000 	C:\Windows\system32\fltlib.dll
0x00007ff91d1f0000 - 0x00007ff91e6e0000 	C:\Windows\System32\shell32.dll
0x00007ff91bb00000 - 0x00007ff91bb4a000 	C:\Windows\System32\cfgmgr32.dll
0x00007ff91c780000 - 0x00007ff91c828000 	C:\Windows\System32\shcore.dll
0x00007ff91b2b0000 - 0x00007ff91b9fa000 	C:\Windows\System32\windows.storage.dll
0x00007ff91ac90000 - 0x00007ff91acb4000 	C:\Windows\System32\profapi.dll
0x00007ff91ac30000 - 0x00007ff91ac8d000 	C:\Windows\System32\powrprof.dll
0x00007ff91bfb0000 - 0x00007ff91c002000 	C:\Windows\System32\shlwapi.dll
0x00007ff91ac10000 - 0x00007ff91ac21000 	C:\Windows\System32\kernel.appcore.dll
0x00007ff91bdb0000 - 0x00007ff91bdc7000 	C:\Windows\System32\cryptsp.dll
0x00007ff9178f0000 - 0x00007ff9178fc000 	c:\Users\Ivan\.vscode\extensions\redhat.java-1.19.0-win32-x64\jre\17.0.7-win32-x86_64\bin\vcruntime140_1.dll
0x00007ff8fd820000 - 0x00007ff8fd8b1000 	c:\Users\Ivan\.vscode\extensions\redhat.java-1.19.0-win32-x64\jre\17.0.7-win32-x86_64\bin\msvcp140.dll
0x00007ff8f8d30000 - 0x00007ff8f9978000 	c:\Users\Ivan\.vscode\extensions\redhat.java-1.19.0-win32-x64\jre\17.0.7-win32-x86_64\bin\server\jvm.dll
0x00007ff910ea0000 - 0x00007ff910ea9000 	C:\Windows\SYSTEM32\WSOCK32.dll
0x00007ff91c010000 - 0x00007ff91c07d000 	C:\Windows\System32\WS2_32.dll
0x00007ff9178b0000 - 0x00007ff9178d4000 	C:\Windows\SYSTEM32\WINMM.dll
0x00007ff917880000 - 0x00007ff9178ad000 	C:\Windows\SYSTEM32\WINMMBASE.dll
0x00007ff9109c0000 - 0x00007ff9109ca000 	c:\Users\Ivan\.vscode\extensions\redhat.java-1.19.0-win32-x64\jre\17.0.7-win32-x86_64\bin\jimage.dll
0x00007ff90a020000 - 0x00007ff90a20d000 	C:\Windows\SYSTEM32\DBGHELP.DLL
0x00007ff8cd180000 - 0x00007ff8cd1aa000 	C:\Windows\SYSTEM32\dbgcore.DLL

dbghelp: loaded successfully - version: 4.0.5 - missing functions: none
symbol engine: initialization error.

VM Arguments:
java_command: <unknown>
java_class_path (initial): <not set>
Launcher Type: SUN_STANDARD

[Global flags]
     bool UseLargePagesIndividualAllocation        = false                                  {pd product} {ergonomic}

Logging:
Log output configuration:
 #0: stdout all=warning uptime,level,tags
 #1: stderr all=off uptime,level,tags

Environment Variables:
PATH=C:\Program Files\Common Files\Oracle\Java\javapath;C:\Python\Scripts\;C:\Python\;C:\Users\Ivan\AppData\Local\Programs\Python;C:\Windows\system32;C:\Windows;C:\Windows\System32\Wbem;C:\Windows\System32\WindowsPowerShell\v1.0\;C:\Windows\System32\OpenSSH\;C:\Program Files (x86)\Microsoft SQL Server\100\Tools\Binn\;C:\Program Files\Microsoft SQL Server\100\Tools\Binn\;C:\Program Files\Microsoft SQL Server\100\DTS\Binn\;C:\Program Files\Git\cmd;C:\Program Files\dotnet\;C:\Users\Ivan\AppData\Local\Programs\Python;C:\Users\Ivan\AppData\Local\Microsoft\WindowsApps;C:\Users\Ivan\AppData\Local\Programs\Microsoft VS Code\bin;C:\Users\Ivan\.dotnet\tools;C:\Users\Ivan\AppData\Local\GitHubDesktop\bin;C:\Python;
USERNAME=Ivan
OS=Windows_NT
PROCESSOR_IDENTIFIER=Intel64 Family 6 Model 42 Stepping 7, GenuineIntel
TMP=C:\Users\Ivan\AppData\Local\Temp
TEMP=C:\Users\Ivan\AppData\Local\Temp



---------------  S Y S T E M  ---------------

OS:
 Windows 10 , 64 bit Build 17763 (10.0.17763.475)
OS uptime: 0 days 0:36 hours

CPU: total 4 (initial active 0) 

Memory: 4k page, system-wide physical 12245M (4305M free)
TotalPageFile size 12245M (AvailPageFile size 5M)
current process WorkingSet (physical memory assigned to process): 8M, peak: 8M
current process commit charge ("private bytes"): 3M, peak: 3M

vm_info: OpenJDK 64-Bit Server VM (17.0.7+7) for windows-amd64 JRE (17.0.7+7), built on Apr 18 2023 22:10:42 by "temurin" with MS VC++ 16.7 (VS2019)

END.
