#
# There is insufficient memory for the Java Runtime Environment to continue.
# Native memory allocation (mmap) failed to map 65536 bytes for Failed to commit metaspace.
# Possible reasons:
#   The system is out of physical RAM or swap space
#   The process is running with CompressedOops enabled, and the Java Heap may be blocking the growth of the native heap
# Possible solutions:
#   Reduce memory load on the system
#   Increase physical memory or swap space
#   Check if swap backing store is full
#   Decrease Java heap size (-Xmx/-Xms)
#   Decrease number of Java threads
#   Decrease Java thread stack sizes (-Xss)
#   Set larger code cache with -XX:ReservedCodeCacheSize=
#   JVM is running with Unscaled Compressed Oops mode in which the Java heap is
#     placed in the first 4GB address space. The Java Heap base address is the
#     maximum limit for the native heap growth. Please use -XX:HeapBaseMinAddress
#     to set the Java Heap base and to place the Java Heap above 4GB virtual address.
# This output file may be truncated or incomplete.
#
#  Out of Memory Error (virtualSpaceNode.cpp:110), pid=8264, tid=5876
#
# JRE version: OpenJDK Runtime Environment Temurin-17.0.7+7 (17.0.7+7) (build 17.0.7+7)
# Java VM: OpenJDK 64-Bit Server VM Temurin-17.0.7+7 (17.0.7+7, mixed mode, tiered, compressed oops, compressed class ptrs, parallel gc, windows-amd64)
# No core dump will be written. Minidumps are not enabled by default on client versions of Windows
#

---------------  S U M M A R Y ------------

Command Line: --add-modules=ALL-SYSTEM --add-opens=java.base/java.util=ALL-UNNAMED --add-opens=java.base/java.lang=ALL-UNNAMED --add-opens=java.base/sun.nio.fs=ALL-UNNAMED -Declipse.application=org.eclipse.jdt.ls.core.id1 -Dosgi.bundles.defaultStartLevel=4 -Declipse.product=org.eclipse.jdt.ls.core.product -Djava.import.generatesMetadataFilesAtProjectRoot=false -Dfile.encoding=utf8 -XX:+UseParallelGC -XX:GCTimeRatio=4 -XX:AdaptiveSizePolicyWeight=90 -Dsun.zip.disableMemoryMapping=true -Xmx1G -Xms100m -Xlog:disable -javaagent:c:\Users\Ivan\.vscode\extensions\redhat.java-1.19.0-win32-x64\lombok\lombok-1.18.28.jar -XX:+HeapDumpOnOutOfMemoryError -XX:HeapDumpPath=c:\Users\Ivan\AppData\Roaming\Code\User\workspaceStorage\4d1552600e81aa830daef018cde4ffe3\redhat.java -Daether.dependencyCollector.impl=bf c:\Users\Ivan\.vscode\extensions\redhat.java-1.19.0-win32-x64\server\plugins\org.eclipse.equinox.launcher_1.6.400.v20210924-0641.jar -configuration c:\Users\Ivan\AppData\Roaming\Code\User\globalStorage\redhat.java\1.19.0\config_win -data c:\Users\Ivan\AppData\Roaming\Code\User\workspaceStorage\4d1552600e81aa830daef018cde4ffe3\redhat.java\jdt_ws

Host: Intel(R) Core(TM) i3-2120 CPU @ 3.30GHz, 4 cores, 11G,  Windows 10 , 64 bit Build 17763 (10.0.17763.475)
Time: Tue Jun 20 19:17:58 2023 RTZ 2 (зима) elapsed time: 1.033258 seconds (0d 0h 0m 1s)

---------------  T H R E A D  ---------------

Current thread (0x0000024d5c9d76b0):  JavaThread "main" [_thread_in_vm, id=5876, stack(0x0000007579900000,0x0000007579a00000)]

Stack: [0x0000007579900000,0x0000007579a00000]
Native frames: (J=compiled Java code, j=interpreted, Vv=VM code, C=native code)
V  [jvm.dll+0x67754a]
V  [jvm.dll+0x834304]
V  [jvm.dll+0x835aae]
V  [jvm.dll+0x836113]
V  [jvm.dll+0x24696f]
V  [jvm.dll+0x83039b]
V  [jvm.dll+0x61c006]
V  [jvm.dll+0x1c169e]
V  [jvm.dll+0x61e961]
V  [jvm.dll+0x61c9a6]
V  [jvm.dll+0x62d7e9]
V  [jvm.dll+0x626b54]
V  [jvm.dll+0x3812a1]
C  0x0000024d6410c6e8

Java frames: (J=compiled Java code, j=interpreted, Vv=VM code)
j  lombok.eclipse.agent.EclipseLoaderPatcher.<clinit>()V+0
v  ~StubRoutines::call_stub
j  lombok.eclipse.agent.EclipsePatcher.registerPatchScripts(Ljava/lang/instrument/Instrumentation;ZLjava/lang/Class;)V+44
j  lombok.eclipse.agent.EclipsePatcher.runAgent(Ljava/lang/String;Ljava/lang/instrument/Instrumentation;ZLjava/lang/Class;)V+4
j  lombok.core.AgentLauncher.runAgents(Ljava/lang/String;Ljava/lang/instrument/Instrumentation;ZLjava/lang/Class;)V+62
v  ~StubRoutines::call_stub
j  jdk.internal.reflect.NativeMethodAccessorImpl.invoke0(Ljava/lang/reflect/Method;Ljava/lang/Object;[Ljava/lang/Object;)Ljava/lang/Object;+0 java.base@17.0.7
j  jdk.internal.reflect.NativeMethodAccessorImpl.invoke(Ljava/lang/Object;[Ljava/lang/Object;)Ljava/lang/Object;+133 java.base@17.0.7
j  jdk.internal.reflect.DelegatingMethodAccessorImpl.invoke(Ljava/lang/Object;[Ljava/lang/Object;)Ljava/lang/Object;+6 java.base@17.0.7
j  java.lang.reflect.Method.invoke(Ljava/lang/Object;[Ljava/lang/Object;)Ljava/lang/Object;+59 java.base@17.0.7
j  lombok.launch.Agent.runLauncher(Ljava/lang/String;Ljava/lang/instrument/Instrumentation;Z)V+73
j  lombok.launch.Agent.premain(Ljava/lang/String;Ljava/lang/instrument/Instrumentation;)V+3
v  ~StubRoutines::call_stub
j  jdk.internal.reflect.NativeMethodAccessorImpl.invoke0(Ljava/lang/reflect/Method;Ljava/lang/Object;[Ljava/lang/Object;)Ljava/lang/Object;+0 java.base@17.0.7
j  jdk.internal.reflect.NativeMethodAccessorImpl.invoke(Ljava/lang/Object;[Ljava/lang/Object;)Ljava/lang/Object;+133 java.base@17.0.7
j  jdk.internal.reflect.DelegatingMethodAccessorImpl.invoke(Ljava/lang/Object;[Ljava/lang/Object;)Ljava/lang/Object;+6 java.base@17.0.7
j  java.lang.reflect.Method.invoke(Ljava/lang/Object;[Ljava/lang/Object;)Ljava/lang/Object;+59 java.base@17.0.7
j  sun.instrument.InstrumentationImpl.loadClassAndStartAgent(Ljava/lang/String;Ljava/lang/String;Ljava/lang/String;)V+166 java.instrument@17.0.7
j  sun.instrument.InstrumentationImpl.loadClassAndCallPremain(Ljava/lang/String;Ljava/lang/String;)V+6 java.instrument@17.0.7
v  ~StubRoutines::call_stub

---------------  P R O C E S S  ---------------

Threads class SMR info:
_java_thread_list=0x0000024d6ea23630, length=11, elements={
0x0000024d5c9d76b0, 0x0000024d5cbc33a0, 0x0000024d5cbc5360, 0x0000024d6e910030,
0x0000024d6e910bb0, 0x0000024d6e913740, 0x0000024d6e914160, 0x0000024d5cbc8f10,
0x0000024d6e97b6a0, 0x0000024d6e97e3b0, 0x0000024d6e9deea0
}

Java Threads: ( => current thread )
=>0x0000024d5c9d76b0 JavaThread "main" [_thread_in_vm, id=5876, stack(0x0000007579900000,0x0000007579a00000)]
  0x0000024d5cbc33a0 JavaThread "Reference Handler" daemon [_thread_blocked, id=14464, stack(0x0000007579c00000,0x0000007579d00000)]
  0x0000024d5cbc5360 JavaThread "Finalizer" daemon [_thread_blocked, id=15064, stack(0x0000007579d00000,0x0000007579e00000)]
  0x0000024d6e910030 JavaThread "Signal Dispatcher" daemon [_thread_blocked, id=8228, stack(0x0000007579e00000,0x0000007579f00000)]
  0x0000024d6e910bb0 JavaThread "Attach Listener" daemon [_thread_blocked, id=14280, stack(0x0000007579f00000,0x000000757a000000)]
  0x0000024d6e913740 JavaThread "Service Thread" daemon [_thread_blocked, id=5428, stack(0x000000757a000000,0x000000757a100000)]
  0x0000024d6e914160 JavaThread "Monitor Deflation Thread" daemon [_thread_blocked, id=14668, stack(0x000000757a100000,0x000000757a200000)]
  0x0000024d5cbc8f10 JavaThread "C2 CompilerThread0" daemon [_thread_blocked, id=10076, stack(0x000000757a200000,0x000000757a300000)]
  0x0000024d6e97b6a0 JavaThread "C1 CompilerThread0" daemon [_thread_blocked, id=9020, stack(0x000000757a300000,0x000000757a400000)]
  0x0000024d6e97e3b0 JavaThread "Sweeper thread" daemon [_thread_blocked, id=1036, stack(0x000000757a400000,0x000000757a500000)]
  0x0000024d6e9deea0 JavaThread "Common-Cleaner" daemon [_thread_blocked, id=13472, stack(0x000000757a500000,0x000000757a600000)]

Other Threads:
  0x0000024d6e8d3930 VMThread "VM Thread" [stack: 0x0000007579b00000,0x0000007579c00000] [id=312]
  0x0000024d5c9eabd0 GCTaskThread "GC Thread#0" [stack: 0x0000007579a00000,0x0000007579b00000] [id=9384]

Threads with active compile tasks:

VM state: not at safepoint (normal execution)

VM Mutex/Monitor currently owned by a thread:  ([mutex/lock_event])
[0x0000024d5c9d2200] Metaspace_lock - owner thread: 0x0000024d5c9d76b0

Heap address: 0x00000000c0000000, size: 1024 MB, Compressed Oops mode: 32-bit

CDS archive(s) not mapped
Compressed class space mapped at: 0x0000000100000000-0x0000000140000000, reserved size: 1073741824
Narrow klass base: 0x0000000000000000, Narrow klass shift: 3, Narrow klass range: 0x140000000

GC Precious Log:
 CPUs: 4 total, 4 available
 Memory: 12245M
 Large Page Support: Disabled
 NUMA Support: Disabled
 Compressed Oops: Enabled (32-bit)
 Alignments: Space 512K, Generation 512K, Heap 2M
 Heap Min Capacity: 100M
 Heap Initial Capacity: 100M
 Heap Max Capacity: 1G
 Pre-touch: Disabled
 Parallel Workers: 4

Heap:
 PSYoungGen      total 29696K, used 5018K [0x00000000eab00000, 0x00000000ecc00000, 0x0000000100000000)
  eden space 25600K, 19% used [0x00000000eab00000,0x00000000eafe6ba0,0x00000000ec400000)
  from space 4096K, 0% used [0x00000000ec800000,0x00000000ec800000,0x00000000ecc00000)
  to   space 4096K, 0% used [0x00000000ec400000,0x00000000ec400000,0x00000000ec800000)
 ParOldGen       total 68608K, used 0K [0x00000000c0000000, 0x00000000c4300000, 0x00000000eab00000)
  object space 68608K, 0% used [0x00000000c0000000,0x00000000c0000000,0x00000000c4300000)
 Metaspace       used 6018K, committed 6080K, reserved 1114112K
  class space    used 585K, committed 640K, reserved 1048576K

Card table byte_map: [0x0000024d6bdb0000,0x0000024d6bfc0000] _byte_map_base: 0x0000024d6b7b0000

Marking Bits: (ParMarkBitMap*) 0x00007ff8a4bf52c0
 Begin Bits: [0x0000024d6c120000, 0x0000024d6d120000)
 End Bits:   [0x0000024d6d120000, 0x0000024d6e120000)

Polling page: 0x0000024d584b0000

Metaspace:

Usage:
  Non-class:      5.31 MB used.
      Class:    585.09 KB used.
       Both:      5.88 MB used.

Virtual space:
  Non-class space:       64.00 MB reserved,       5.31 MB (  8%) committed,  1 nodes.
      Class space:        1.00 GB reserved,     640.00 KB ( <1%) committed,  1 nodes.
             Both:        1.06 GB reserved,       5.94 MB ( <1%) committed. 

Chunk freelists:
   Non-Class:  10.36 MB
       Class:  15.23 MB
        Both:  25.59 MB

MaxMetaspaceSize: unlimited
CompressedClassSpaceSize: 1.00 GB
Initial GC threshold: 21.00 MB
Current GC threshold: 21.00 MB
CDS: off
MetaspaceReclaimPolicy: balanced
 - commit_granule_bytes: 65536.
 - commit_granule_words: 8192.
 - virtual_space_node_default_size: 8388608.
 - enlarge_chunks_in_place: 1.
 - new_chunks_are_fully_committed: 0.
 - uncommit_free_chunks: 1.
 - use_allocation_guard: 0.
 - handle_deallocations: 1.


Internal statistics:

num_allocs_failed_limit: 0.
num_arena_births: 10.
num_arena_deaths: 0.
num_vsnodes_births: 2.
num_vsnodes_deaths: 0.
num_space_committed: 95.
num_space_uncommitted: 0.
num_chunks_returned_to_freelist: 0.
num_chunks_taken_from_freelist: 29.
num_chunk_merges: 0.
num_chunk_splits: 16.
num_chunks_enlarged: 12.
num_inconsistent_stats: 0.

CodeHeap 'non-profiled nmethods': size=120000Kb used=90Kb max_used=90Kb free=119909Kb
 bounds [0x0000024d646a0000, 0x0000024d64910000, 0x0000024d6bbd0000]
CodeHeap 'profiled nmethods': size=120000Kb used=375Kb max_used=375Kb free=119624Kb
 bounds [0x0000024d5cbd0000, 0x0000024d5ce40000, 0x0000024d64100000]
CodeHeap 'non-nmethods': size=5760Kb used=1093Kb max_used=1108Kb free=4666Kb
 bounds [0x0000024d64100000, 0x0000024d64370000, 0x0000024d646a0000]
 total_blobs=688 nmethods=316 adapters=287
 compilation: enabled
              stopped_count=0, restarted_count=0
 full_count=0

Compilation events (20 events):
Event: 0.842 Thread 0x0000024d5cbc8f10  306       4       java.lang.AbstractStringBuilder::ensureCapacityInternal (39 bytes)
Event: 0.845 Thread 0x0000024d6e97b6a0  307       1       java.io.File::getPrefixLength (5 bytes)
Event: 0.846 Thread 0x0000024d6e97b6a0 nmethod 307 0x0000024d646b5310 code [0x0000024d646b54a0, 0x0000024d646b5578]
Event: 0.846 Thread 0x0000024d5cbc8f10 nmethod 306 0x0000024d646b5610 code [0x0000024d646b57a0, 0x0000024d646b5b48]
Event: 0.846 Thread 0x0000024d6e97b6a0  308       3       java.lang.String::startsWith (7 bytes)
Event: 0.846 Thread 0x0000024d6e97b6a0 nmethod 308 0x0000024d5cc2bd10 code [0x0000024d5cc2bea0, 0x0000024d5cc2bfe8]
Event: 0.857 Thread 0x0000024d6e97b6a0  310       3       java.util.HashSet::contains (9 bytes)
Event: 0.857 Thread 0x0000024d6e97b6a0 nmethod 310 0x0000024d5cc2c090 code [0x0000024d5cc2c240, 0x0000024d5cc2c4c8]
Event: 0.857 Thread 0x0000024d6e97b6a0  311       1       java.net.URL::getRef (5 bytes)
Event: 0.857 Thread 0x0000024d6e97b6a0 nmethod 311 0x0000024d646b6110 code [0x0000024d646b62a0, 0x0000024d646b6378]
Event: 0.859 Thread 0x0000024d6e97b6a0  312       3       java.io.File::isInvalid (47 bytes)
Event: 0.860 Thread 0x0000024d6e97b6a0 nmethod 312 0x0000024d5cc2c610 code [0x0000024d5cc2c7c0, 0x0000024d5cc2ca48]
Event: 0.863 Thread 0x0000024d6e97b6a0  313       3       java.lang.Character::toLowerCase (9 bytes)
Event: 0.863 Thread 0x0000024d6e97b6a0 nmethod 313 0x0000024d5cc2cb10 code [0x0000024d5cc2ccc0, 0x0000024d5cc2ceb8]
Event: 0.866 Thread 0x0000024d6e97b6a0  314       1       jdk.internal.jimage.ImageHeader::getTableLength (5 bytes)
Event: 0.866 Thread 0x0000024d6e97b6a0 nmethod 314 0x0000024d646b6410 code [0x0000024d646b65a0, 0x0000024d646b6678]
Event: 0.867 Thread 0x0000024d6e97b6a0  315       1       java.net.URL::getFile (5 bytes)
Event: 0.867 Thread 0x0000024d6e97b6a0 nmethod 315 0x0000024d646b6710 code [0x0000024d646b68a0, 0x0000024d646b6978]
Event: 0.869 Thread 0x0000024d6e97b6a0  316       3       java.lang.ClassLoader::checkName (37 bytes)
Event: 0.870 Thread 0x0000024d6e97b6a0 nmethod 316 0x0000024d5cc2cf90 code [0x0000024d5cc2d1e0, 0x0000024d5cc2dbb8]

GC Heap History (0 events):
No events

Dll operation events (8 events):
Event: 0.032 Loaded shared library c:\Users\Ivan\.vscode\extensions\redhat.java-1.19.0-win32-x64\jre\17.0.7-win32-x86_64\bin\java.dll
Event: 0.534 Loaded shared library c:\Users\Ivan\.vscode\extensions\redhat.java-1.19.0-win32-x64\jre\17.0.7-win32-x86_64\bin\zip.dll
Event: 0.539 Loaded shared library C:\Users\Ivan\.vscode\extensions\redhat.java-1.19.0-win32-x64\jre\17.0.7-win32-x86_64\bin\instrument.dll
Event: 0.558 Loaded shared library C:\Users\Ivan\.vscode\extensions\redhat.java-1.19.0-win32-x64\jre\17.0.7-win32-x86_64\bin\net.dll
Event: 0.571 Loaded shared library C:\Users\Ivan\.vscode\extensions\redhat.java-1.19.0-win32-x64\jre\17.0.7-win32-x86_64\bin\nio.dll
Event: 0.595 Loaded shared library C:\Users\Ivan\.vscode\extensions\redhat.java-1.19.0-win32-x64\jre\17.0.7-win32-x86_64\bin\zip.dll
Event: 0.653 Loaded shared library C:\Users\Ivan\.vscode\extensions\redhat.java-1.19.0-win32-x64\jre\17.0.7-win32-x86_64\bin\jimage.dll
Event: 0.829 Loaded shared library c:\Users\Ivan\.vscode\extensions\redhat.java-1.19.0-win32-x64\jre\17.0.7-win32-x86_64\bin\verify.dll

Deoptimization events (0 events):
No events

Classes unloaded (0 events):
No events

Classes redefined (0 events):
No events

Internal exceptions (2 events):
Event: 0.442 Thread 0x0000024d5c9d76b0 Exception <a 'java/lang/NoSuchMethodError'{0x00000000eacb6698}: 'void java.lang.invoke.DirectMethodHandle$Holder.invokeStatic(java.lang.Object, java.lang.Object, java.lang.Object)'> (0x00000000eacb6698) 
thrown [s\src\hotspot\share\interpreter\linkResolver.cpp, line 759]
Event: 0.862 Thread 0x0000024d5c9d76b0 Exception <a 'java/lang/reflect/InvocationTargetException'{0x00000000eaf7c8b8}> (0x00000000eaf7c8b8) 
thrown [s\src\hotspot\share\runtime\reflection.cpp, line 1121]

VM Operations (4 events):
Event: 0.457 Executing VM operation: HandshakeAllThreads
Event: 0.457 Executing VM operation: HandshakeAllThreads done
Event: 0.690 Executing VM operation: HandshakeAllThreads
Event: 0.690 Executing VM operation: HandshakeAllThreads done

Events (20 events):
Event: 0.693 loading class java/util/IdentityHashMap$IdentityHashMapIterator done
Event: 0.693 loading class java/util/IdentityHashMap$KeyIterator done
Event: 0.743 loading class java/util/Collections$UnmodifiableList
Event: 0.743 loading class java/util/Collections$UnmodifiableList done
Event: 0.743 loading class java/util/Collections$UnmodifiableRandomAccessList
Event: 0.743 loading class java/util/Collections$UnmodifiableRandomAccessList done
Event: 0.836 loading class java/lang/UnsupportedOperationException
Event: 0.836 loading class java/lang/UnsupportedOperationException done
Event: 0.837 loading class java/lang/IllegalAccessException
Event: 0.837 loading class java/lang/IllegalAccessException done
Event: 0.841 loading class java/lang/IllegalStateException
Event: 0.841 loading class java/lang/IllegalStateException done
Event: 0.848 loading class java/lang/instrument/ClassFileTransformer
Event: 0.848 loading class java/lang/instrument/ClassFileTransformer done
Event: 0.861 loading class java/lang/instrument/UnmodifiableClassException
Event: 0.861 loading class java/lang/instrument/UnmodifiableClassException done
Event: 0.861 loading class java/lang/instrument/ClassDefinition
Event: 0.861 loading class java/lang/instrument/ClassDefinition done
Event: 0.869 loading class java/net/URLClassLoader
Event: 0.870 loading class java/net/URLClassLoader done


Dynamic libraries:
0x00007ff7b0420000 - 0x00007ff7b042e000 	c:\Users\Ivan\.vscode\extensions\redhat.java-1.19.0-win32-x64\jre\17.0.7-win32-x86_64\bin\java.exe
0x00007ff91ebf0000 - 0x00007ff91eddd000 	C:\Windows\SYSTEM32\ntdll.dll
0x00007ff91cf00000 - 0x00007ff91cfb3000 	C:\Windows\System32\KERNEL32.DLL
0x00007ff91acc0000 - 0x00007ff91af53000 	C:\Windows\System32\KERNELBASE.dll
0x00007ff91ba00000 - 0x00007ff91bafa000 	C:\Windows\System32\ucrtbase.dll
0x00007ff8b88d0000 - 0x00007ff8b88e7000 	c:\Users\Ivan\.vscode\extensions\redhat.java-1.19.0-win32-x64\jre\17.0.7-win32-x86_64\bin\jli.dll
0x00007ff91c470000 - 0x00007ff91c607000 	C:\Windows\System32\USER32.dll
0x00007ff91bdd0000 - 0x00007ff91bdf0000 	C:\Windows\System32\win32u.dll
0x00007ff91c750000 - 0x00007ff91c779000 	C:\Windows\System32\GDI32.dll
0x00007ff91b070000 - 0x00007ff91b209000 	C:\Windows\System32\gdi32full.dll
0x00007ff91b210000 - 0x00007ff91b2b0000 	C:\Windows\System32\msvcp_win.dll
0x00007ff8b78a0000 - 0x00007ff8b78b9000 	c:\Users\Ivan\.vscode\extensions\redhat.java-1.19.0-win32-x64\jre\17.0.7-win32-x86_64\bin\VCRUNTIME140.dll
0x00007ff90d110000 - 0x00007ff90d389000 	C:\Windows\WinSxS\amd64_microsoft.windows.common-controls_6595b64144ccf1df_6.0.17763.615_none_05b4414a072024d4\COMCTL32.dll
0x00007ff91c830000 - 0x00007ff91c8ce000 	C:\Windows\System32\msvcrt.dll
0x00007ff91c8d0000 - 0x00007ff91cbfc000 	C:\Windows\System32\combase.dll
0x00007ff91cfc0000 - 0x00007ff91d0e2000 	C:\Windows\System32\RPCRT4.dll
0x00007ff91bd30000 - 0x00007ff91bdae000 	C:\Windows\System32\bcryptPrimitives.dll
0x00007ff91cd80000 - 0x00007ff91cdae000 	C:\Windows\System32\IMM32.DLL
0x00007ff91a900000 - 0x00007ff91a9f7000 	C:\Windows\system32\guard64.dll
0x00007ff91cdb0000 - 0x00007ff91ce53000 	C:\Windows\System32\ADVAPI32.dll
0x00007ff91ce60000 - 0x00007ff91cefe000 	C:\Windows\System32\sechost.dll
0x00007ff91a8f0000 - 0x00007ff91a8fa000 	C:\Windows\system32\version.dll
0x00007ff91cc00000 - 0x00007ff91cd55000 	C:\Windows\System32\ole32.dll
0x00007ff91a8e0000 - 0x00007ff91a8ea000 	C:\Windows\system32\fltlib.dll
0x00007ff91d1f0000 - 0x00007ff91e6e0000 	C:\Windows\System32\shell32.dll
0x00007ff91bb00000 - 0x00007ff91bb4a000 	C:\Windows\System32\cfgmgr32.dll
0x00007ff91c780000 - 0x00007ff91c828000 	C:\Windows\System32\shcore.dll
0x00007ff91b2b0000 - 0x00007ff91b9fa000 	C:\Windows\System32\windows.storage.dll
0x00007ff91ac90000 - 0x00007ff91acb4000 	C:\Windows\System32\profapi.dll
0x00007ff91ac30000 - 0x00007ff91ac8d000 	C:\Windows\System32\powrprof.dll
0x00007ff91bfb0000 - 0x00007ff91c002000 	C:\Windows\System32\shlwapi.dll
0x00007ff91ac10000 - 0x00007ff91ac21000 	C:\Windows\System32\kernel.appcore.dll
0x00007ff91bdb0000 - 0x00007ff91bdc7000 	C:\Windows\System32\cryptsp.dll
0x00007ff8ed0e0000 - 0x00007ff8ed0ec000 	c:\Users\Ivan\.vscode\extensions\redhat.java-1.19.0-win32-x64\jre\17.0.7-win32-x86_64\bin\vcruntime140_1.dll
0x00007ff8b7800000 - 0x00007ff8b7891000 	c:\Users\Ivan\.vscode\extensions\redhat.java-1.19.0-win32-x64\jre\17.0.7-win32-x86_64\bin\msvcp140.dll
0x00007ff8a4070000 - 0x00007ff8a4cb8000 	c:\Users\Ivan\.vscode\extensions\redhat.java-1.19.0-win32-x64\jre\17.0.7-win32-x86_64\bin\server\jvm.dll
0x00007ff8ebc40000 - 0x00007ff8ebc49000 	C:\Windows\SYSTEM32\WSOCK32.dll
0x00007ff91c010000 - 0x00007ff91c07d000 	C:\Windows\System32\WS2_32.dll
0x00007ff9178b0000 - 0x00007ff9178d4000 	C:\Windows\SYSTEM32\WINMM.dll
0x00007ff917880000 - 0x00007ff9178ad000 	C:\Windows\SYSTEM32\WINMMBASE.dll
0x00007ff8ea560000 - 0x00007ff8ea56a000 	c:\Users\Ivan\.vscode\extensions\redhat.java-1.19.0-win32-x64\jre\17.0.7-win32-x86_64\bin\jimage.dll
0x00007ff90a020000 - 0x00007ff90a20d000 	C:\Windows\SYSTEM32\DBGHELP.DLL
0x00007ff8cd180000 - 0x00007ff8cd1aa000 	C:\Windows\SYSTEM32\dbgcore.DLL
0x00007ff8ea540000 - 0x00007ff8ea54e000 	c:\Users\Ivan\.vscode\extensions\redhat.java-1.19.0-win32-x64\jre\17.0.7-win32-x86_64\bin\instrument.dll
0x00007ff8c3e00000 - 0x00007ff8c3e25000 	c:\Users\Ivan\.vscode\extensions\redhat.java-1.19.0-win32-x64\jre\17.0.7-win32-x86_64\bin\java.dll
0x00007ff8c3de0000 - 0x00007ff8c3df8000 	c:\Users\Ivan\.vscode\extensions\redhat.java-1.19.0-win32-x64\jre\17.0.7-win32-x86_64\bin\zip.dll
0x00007ff8f1150000 - 0x00007ff8f1169000 	C:\Users\Ivan\.vscode\extensions\redhat.java-1.19.0-win32-x64\jre\17.0.7-win32-x86_64\bin\net.dll
0x00007ff911a80000 - 0x00007ff911b72000 	C:\Windows\SYSTEM32\WINHTTP.dll
0x00007ff91a340000 - 0x00007ff91a3a7000 	C:\Windows\system32\mswsock.dll
0x00007ff8c3dc0000 - 0x00007ff8c3dd5000 	C:\Users\Ivan\.vscode\extensions\redhat.java-1.19.0-win32-x64\jre\17.0.7-win32-x86_64\bin\nio.dll
0x00007ff90bb50000 - 0x00007ff90bb60000 	c:\Users\Ivan\.vscode\extensions\redhat.java-1.19.0-win32-x64\jre\17.0.7-win32-x86_64\bin\verify.dll

dbghelp: loaded successfully - version: 4.0.5 - missing functions: none
symbol engine: initialized successfully - sym options: 0x614 - pdb path: .;c:\Users\Ivan\.vscode\extensions\redhat.java-1.19.0-win32-x64\jre\17.0.7-win32-x86_64\bin;C:\Windows\SYSTEM32;C:\Windows\WinSxS\amd64_microsoft.windows.common-controls_6595b64144ccf1df_6.0.17763.615_none_05b4414a072024d4;c:\Users\Ivan\.vscode\extensions\redhat.java-1.19.0-win32-x64\jre\17.0.7-win32-x86_64\bin\server

VM Arguments:
jvm_args: --add-modules=ALL-SYSTEM --add-opens=java.base/java.util=ALL-UNNAMED --add-opens=java.base/java.lang=ALL-UNNAMED --add-opens=java.base/sun.nio.fs=ALL-UNNAMED -Declipse.application=org.eclipse.jdt.ls.core.id1 -Dosgi.bundles.defaultStartLevel=4 -Declipse.product=org.eclipse.jdt.ls.core.product -Djava.import.generatesMetadataFilesAtProjectRoot=false -Dfile.encoding=utf8 -XX:+UseParallelGC -XX:GCTimeRatio=4 -XX:AdaptiveSizePolicyWeight=90 -Dsun.zip.disableMemoryMapping=true -Xmx1G -Xms100m -Xlog:disable -javaagent:c:\Users\Ivan\.vscode\extensions\redhat.java-1.19.0-win32-x64\lombok\lombok-1.18.28.jar -XX:+HeapDumpOnOutOfMemoryError -XX:HeapDumpPath=c:\Users\Ivan\AppData\Roaming\Code\User\workspaceStorage\4d1552600e81aa830daef018cde4ffe3\redhat.java -Daether.dependencyCollector.impl=bf 
java_command: c:\Users\Ivan\.vscode\extensions\redhat.java-1.19.0-win32-x64\server\plugins\org.eclipse.equinox.launcher_1.6.400.v20210924-0641.jar -configuration c:\Users\Ivan\AppData\Roaming\Code\User\globalStorage\redhat.java\1.19.0\config_win -data c:\Users\Ivan\AppData\Roaming\Code\User\workspaceStorage\4d1552600e81aa830daef018cde4ffe3\redhat.java\jdt_ws
java_class_path (initial): c:\Users\Ivan\.vscode\extensions\redhat.java-1.19.0-win32-x64\server\plugins\org.eclipse.equinox.launcher_1.6.400.v20210924-0641.jar
Launcher Type: SUN_STANDARD

[Global flags]
    uintx AdaptiveSizePolicyWeight                 = 90                                        {product} {command line}
     intx CICompilerCount                          = 3                                         {product} {ergonomic}
    uintx GCTimeRatio                              = 4                                         {product} {command line}
     bool HeapDumpOnOutOfMemoryError               = true                                   {manageable} {command line}
    ccstr HeapDumpPath                             = c:\Users\Ivan\AppData\Roaming\Code\User\workspaceStorage\4d1552600e81aa830daef018cde4ffe3\redhat.java         {manageable} {command line}
   size_t InitialHeapSize                          = 104857600                                 {product} {command line}
   size_t MaxHeapSize                              = 1073741824                                {product} {command line}
   size_t MaxNewSize                               = 357564416                                 {product} {ergonomic}
   size_t MinHeapDeltaBytes                        = 524288                                    {product} {ergonomic}
   size_t MinHeapSize                              = 104857600                                 {product} {command line}
   size_t NewSize                                  = 34603008                                  {product} {ergonomic}
    uintx NonNMethodCodeHeapSize                   = 5832780                                {pd product} {ergonomic}
    uintx NonProfiledCodeHeapSize                  = 122912730                              {pd product} {ergonomic}
   size_t OldSize                                  = 70254592                                  {product} {ergonomic}
    uintx ProfiledCodeHeapSize                     = 122912730                              {pd product} {ergonomic}
    uintx ReservedCodeCacheSize                    = 251658240                              {pd product} {ergonomic}
     bool SegmentedCodeCache                       = true                                      {product} {ergonomic}
   size_t SoftMaxHeapSize                          = 1073741824                             {manageable} {ergonomic}
     bool UseCompressedClassPointers               = true                           {product lp64_product} {ergonomic}
     bool UseCompressedOops                        = true                           {product lp64_product} {ergonomic}
     bool UseLargePagesIndividualAllocation        = false                                  {pd product} {ergonomic}
     bool UseParallelGC                            = true                                      {product} {command line}

Logging:
Log output configuration:
 #0: stdout all=off uptime,level,tags
 #1: stderr all=off uptime,level,tags

Environment Variables:
PATH=C:\Program Files\Common Files\Oracle\Java\javapath;C:\Python\Scripts\;C:\Python\;C:\Users\Ivan\AppData\Local\Programs\Python;C:\Windows\system32;C:\Windows;C:\Windows\System32\Wbem;C:\Windows\System32\WindowsPowerShell\v1.0\;C:\Windows\System32\OpenSSH\;C:\Program Files (x86)\Microsoft SQL Server\100\Tools\Binn\;C:\Program Files\Microsoft SQL Server\100\Tools\Binn\;C:\Program Files\Microsoft SQL Server\100\DTS\Binn\;C:\Program Files\Git\cmd;C:\Program Files\dotnet\;C:\Users\Ivan\AppData\Local\Programs\Python;C:\Users\Ivan\AppData\Local\Microsoft\WindowsApps;C:\Users\Ivan\AppData\Local\Programs\Microsoft VS Code\bin;C:\Users\Ivan\.dotnet\tools;C:\Users\Ivan\AppData\Local\GitHubDesktop\bin;C:\Python;
USERNAME=Ivan
OS=Windows_NT
PROCESSOR_IDENTIFIER=Intel64 Family 6 Model 42 Stepping 7, GenuineIntel
TMP=C:\Users\Ivan\AppData\Local\Temp
TEMP=C:\Users\Ivan\AppData\Local\Temp



---------------  S Y S T E M  ---------------

OS:
 Windows 10 , 64 bit Build 17763 (10.0.17763.475)
OS uptime: 0 days 0:29 hours

CPU: total 4 (initial active 4) (2 cores per cpu, 2 threads per core) family 6 model 42 stepping 7 microcode 0x2e, cx8, cmov, fxsr, ht, mmx, sse, sse2, sse3, ssse3, sse4.1, sse4.2, popcnt, tsc, tscinvbit, avx, clmul, vzeroupper, clflush

Memory: 4k page, system-wide physical 12245M (3934M free)
TotalPageFile size 12245M (AvailPageFile size 0M)
current process WorkingSet (physical memory assigned to process): 36M, peak: 36M
current process commit charge ("private bytes"): 174M, peak: 174M

vm_info: OpenJDK 64-Bit Server VM (17.0.7+7) for windows-amd64 JRE (17.0.7+7), built on Apr 18 2023 22:10:42 by "temurin" with MS VC++ 16.7 (VS2019)

END.
