#
# There is insufficient memory for the Java Runtime Environment to continue.
# Native memory allocation (mmap) failed to map 201326592 bytes for G1 virtual space
# Possible reasons:
#   The system is out of physical RAM or swap space
#   The process is running with CompressedOops enabled, and the Java Heap may be blocking the growth of the native heap
# Possible solutions:
#   Reduce memory load on the system
#   Increase physical memory or swap space
#   Check if swap backing store is full
#   Decrease Java heap size (-Xmx/-Xms)
#   Decrease number of Java threads
#   Decrease Java thread stack sizes (-Xss)
#   Set larger code cache with -XX:ReservedCodeCacheSize=
#   JVM is running with Zero Based Compressed Oops mode in which the Java heap is
#     placed in the first 32GB address space. The Java Heap base address is the
#     maximum limit for the native heap growth. Please use -XX:HeapBaseMinAddress
#     to set the Java Heap base and to place the Java Heap above 32GB virtual address.
# This output file may be truncated or incomplete.
#
#  Out of Memory Error (os_windows.cpp:3528), pid=4048, tid=13548
#
# JRE version:  (20.0.1+9) (build )
# Java VM: Java HotSpot(TM) 64-Bit Server VM (20.0.1+9-29, mixed mode, sharing, tiered, compressed oops, compressed class ptrs, g1 gc, windows-amd64)
# No core dump will be written. Minidumps are not enabled by default on client versions of Windows
#

---------------  S U M M A R Y ------------

Command Line: --enable-preview -XX:+ShowCodeDetailsInExceptionMessages HW03

Host: Intel(R) Core(TM) i3-2120 CPU @ 3.30GHz, 4 cores, 11G,  Windows 10 , 64 bit Build 17763 (10.0.17763.475)
Time: Tue Jun 20 19:18:39 2023 RTZ 2 (зима) elapsed time: 0.030286 seconds (0d 0h 0m 0s)

---------------  T H R E A D  ---------------

Current thread (0x000001f3461f9750):  JavaThread "Unknown thread" [_thread_in_vm, id=13548, stack(0x000000567c100000,0x000000567c200000)]

Stack: [0x000000567c100000,0x000000567c200000]
Native frames: (J=compiled Java code, j=interpreted, Vv=VM code, C=native code)
V  [jvm.dll+0x6bb95a]
V  [jvm.dll+0x8485fa]
V  [jvm.dll+0x84a1f5]
V  [jvm.dll+0x84a8f3]
V  [jvm.dll+0x280b0f]
V  [jvm.dll+0x6b86e9]
V  [jvm.dll+0x6ad2da]
V  [jvm.dll+0x35adf5]
V  [jvm.dll+0x363016]
V  [jvm.dll+0x3b3b3e]
V  [jvm.dll+0x3b3dc5]
V  [jvm.dll+0x32b50a]
V  [jvm.dll+0x32c32b]
V  [jvm.dll+0x8112bf]
V  [jvm.dll+0x3c0d91]
V  [jvm.dll+0x7fcfe3]
V  [jvm.dll+0x44c76f]
V  [jvm.dll+0x44e0e1]
C  [jli.dll+0x5287]
C  [ucrtbase.dll+0x21ffa]
C  [KERNEL32.DLL+0x17974]
C  [ntdll.dll+0x6a271]


---------------  P R O C E S S  ---------------

Threads class SMR info:
_java_thread_list=0x00007ff8a585a098, length=0, elements={
}

Java Threads: ( => current thread )

Other Threads:
  0x000001f34fc75a30 WorkerThread "GC Thread#0" [stack: 0x000000567c200000,0x000000567c300000] [id=15260]
  0x000001f34fc82ad0 ConcurrentGCThread "G1 Main Marker" [stack: 0x000000567c300000,0x000000567c400000] [id=9628]
  0x000001f34fc84160 WorkerThread "G1 Conc#0" [stack: 0x000000567c400000,0x000000567c500000] [id=1188]

[error occurred during error reporting (printing all threads), id 0xc0000005, EXCEPTION_ACCESS_VIOLATION (0xc0000005) at pc=0x00007ff8a503eb47]
VM state: not at safepoint (not fully initialized)

VM Mutex/Monitor currently owned by a thread:  ([mutex/lock_event])
[0x000001f3461f3c60] Heap_lock - owner thread: 0x000001f3461f9750

Heap address: 0x0000000740a00000, size: 3062 MB, Compressed Oops mode: Zero based, Oop shift amount: 3

CDS archive(s) mapped at: [0x0000000000000000-0x0000000000000000-0x0000000000000000), size 0, SharedBaseAddress: 0x0000000800000000, ArchiveRelocationMode: 0.
Narrow klass base: 0x0000000000000000, Narrow klass shift: 0, Narrow klass range: 0x0

GC Precious Log:
 CardTable entry size: 512
 Card Set container configuration: InlinePtr #cards 4 size 8 Array Of Cards #cards 16 size 48 Howl #buckets 8 coarsen threshold 3686 Howl Bitmap #cards 512 size 80 coarsen threshold 460 Card regions per heap region 1 cards per card region 4096

Heap:
 garbage-first heap   total 0K, used 0K [0x0000000740a00000, 0x0000000800000000)
  region size 2048K, 0 young (0K), 0 survivors (0K)

[error occurred during error reporting (printing heap information), id 0xc0000005, EXCEPTION_ACCESS_VIOLATION (0xc0000005) at pc=0x00007ff8a5413c59]
GC Heap History (0 events):
No events

Dll operation events (1 events):
Event: 0.014 Loaded shared library C:\Program Files\Java\jdk-20\bin\java.dll

Deoptimization events (0 events):
No events

Classes loaded (0 events):
No events

Classes unloaded (0 events):
No events

Classes redefined (0 events):
No events

Internal exceptions (0 events):
No events

VM Operations (0 events):
No events

Events (0 events):
No events


Dynamic libraries:
0x00007ff66d4a0000 - 0x00007ff66d4b0000 	C:\Program Files\Java\jdk-20\bin\java.exe
0x00007ff91ebf0000 - 0x00007ff91eddd000 	C:\Windows\SYSTEM32\ntdll.dll
0x00007ff91cf00000 - 0x00007ff91cfb3000 	C:\Windows\System32\KERNEL32.DLL
0x00007ff91acc0000 - 0x00007ff91af53000 	C:\Windows\System32\KERNELBASE.dll
0x00007ff91ba00000 - 0x00007ff91bafa000 	C:\Windows\System32\ucrtbase.dll
0x00007ff8fd7c0000 - 0x00007ff8fd7d9000 	C:\Program Files\Java\jdk-20\bin\jli.dll
0x00007ff8fcb70000 - 0x00007ff8fcb8b000 	C:\Program Files\Java\jdk-20\bin\VCRUNTIME140.dll
0x00007ff91cdb0000 - 0x00007ff91ce53000 	C:\Windows\System32\ADVAPI32.dll
0x00007ff91c830000 - 0x00007ff91c8ce000 	C:\Windows\System32\msvcrt.dll
0x00007ff91ce60000 - 0x00007ff91cefe000 	C:\Windows\System32\sechost.dll
0x00007ff91cfc0000 - 0x00007ff91d0e2000 	C:\Windows\System32\RPCRT4.dll
0x00007ff91c470000 - 0x00007ff91c607000 	C:\Windows\System32\USER32.dll
0x00007ff91bdd0000 - 0x00007ff91bdf0000 	C:\Windows\System32\win32u.dll
0x00007ff91c750000 - 0x00007ff91c779000 	C:\Windows\System32\GDI32.dll
0x00007ff91b070000 - 0x00007ff91b209000 	C:\Windows\System32\gdi32full.dll
0x00007ff91b210000 - 0x00007ff91b2b0000 	C:\Windows\System32\msvcp_win.dll
0x00007ff90d110000 - 0x00007ff90d389000 	C:\Windows\WinSxS\amd64_microsoft.windows.common-controls_6595b64144ccf1df_6.0.17763.615_none_05b4414a072024d4\COMCTL32.dll
0x00007ff91c8d0000 - 0x00007ff91cbfc000 	C:\Windows\System32\combase.dll
0x00007ff91a8f0000 - 0x00007ff91a8fa000 	C:\Windows\SYSTEM32\VERSION.dll
0x00007ff91bd30000 - 0x00007ff91bdae000 	C:\Windows\System32\bcryptPrimitives.dll
0x00007ff91cd80000 - 0x00007ff91cdae000 	C:\Windows\System32\IMM32.DLL
0x00007ff91a900000 - 0x00007ff91a9f7000 	C:\Windows\system32\guard64.dll
0x00007ff91cc00000 - 0x00007ff91cd55000 	C:\Windows\System32\ole32.dll
0x00007ff91a8e0000 - 0x00007ff91a8ea000 	C:\Windows\system32\fltlib.dll
0x00007ff91d1f0000 - 0x00007ff91e6e0000 	C:\Windows\System32\shell32.dll
0x00007ff91bb00000 - 0x00007ff91bb4a000 	C:\Windows\System32\cfgmgr32.dll
0x00007ff91c780000 - 0x00007ff91c828000 	C:\Windows\System32\shcore.dll
0x00007ff91b2b0000 - 0x00007ff91b9fa000 	C:\Windows\System32\windows.storage.dll
0x00007ff91ac90000 - 0x00007ff91acb4000 	C:\Windows\System32\profapi.dll
0x00007ff91ac30000 - 0x00007ff91ac8d000 	C:\Windows\System32\powrprof.dll
0x00007ff91bfb0000 - 0x00007ff91c002000 	C:\Windows\System32\shlwapi.dll
0x00007ff91ac10000 - 0x00007ff91ac21000 	C:\Windows\System32\kernel.appcore.dll
0x00007ff91bdb0000 - 0x00007ff91bdc7000 	C:\Windows\System32\cryptsp.dll
0x00007ff8fd7f0000 - 0x00007ff8fd7fc000 	C:\Program Files\Java\jdk-20\bin\vcruntime140_1.dll
0x00007ff8fcae0000 - 0x00007ff8fcb6e000 	C:\Program Files\Java\jdk-20\bin\msvcp140.dll
0x00007ff8a4d00000 - 0x00007ff8a5997000 	C:\Program Files\Java\jdk-20\bin\server\jvm.dll
0x00007ff910ea0000 - 0x00007ff910ea9000 	C:\Windows\SYSTEM32\WSOCK32.dll
0x00007ff91c010000 - 0x00007ff91c07d000 	C:\Windows\System32\WS2_32.dll
0x00007ff9178b0000 - 0x00007ff9178d4000 	C:\Windows\SYSTEM32\WINMM.dll
0x00007ff917880000 - 0x00007ff9178ad000 	C:\Windows\SYSTEM32\WINMMBASE.dll
0x00007ff8fcad0000 - 0x00007ff8fcada000 	C:\Program Files\Java\jdk-20\bin\jimage.dll
0x00007ff90a020000 - 0x00007ff90a20d000 	C:\Windows\SYSTEM32\DBGHELP.DLL
0x00007ff8cd180000 - 0x00007ff8cd1aa000 	C:\Windows\SYSTEM32\dbgcore.DLL
0x00007ff8fcaa0000 - 0x00007ff8fcac6000 	C:\Program Files\Java\jdk-20\bin\java.dll

dbghelp: loaded successfully - version: 4.0.5 - missing functions: none
symbol engine: initialized successfully - sym options: 0x614 - pdb path: .;C:\Program Files\Java\jdk-20\bin;C:\Windows\SYSTEM32;C:\Windows\WinSxS\amd64_microsoft.windows.common-controls_6595b64144ccf1df_6.0.17763.615_none_05b4414a072024d4;C:\Program Files\Java\jdk-20\bin\server

VM Arguments:
jvm_args: --enable-preview -XX:+ShowCodeDetailsInExceptionMessages 
java_command: HW03
java_class_path (initial): C:\Users\Ivan\AppData\Roaming\Code\User\workspaceStorage\4d1552600e81aa830daef018cde4ffe3\redhat.java\jdt_ws\01_AcquaintanceJava_c3bd330b\bin
Launcher Type: SUN_STANDARD

[Global flags]
     intx CICompilerCount                          = 3                                         {product} {ergonomic}
     uint ConcGCThreads                            = 1                                         {product} {ergonomic}
     uint G1ConcRefinementThreads                  = 4                                         {product} {ergonomic}
   size_t G1HeapRegionSize                         = 2097152                                   {product} {ergonomic}
    uintx GCDrainStackTargetSize                   = 64                                        {product} {ergonomic}
   size_t InitialHeapSize                          = 201326592                                 {product} {ergonomic}
   size_t MarkStackSize                            = 4194304                                   {product} {ergonomic}
   size_t MaxHeapSize                              = 3210739712                                {product} {ergonomic}
   size_t MinHeapDeltaBytes                        = 2097152                                   {product} {ergonomic}
   size_t MinHeapSize                              = 8388608                                   {product} {ergonomic}
    uintx NonNMethodCodeHeapSize                   = 5832780                                {pd product} {ergonomic}
    uintx NonProfiledCodeHeapSize                  = 122912730                              {pd product} {ergonomic}
    uintx ProfiledCodeHeapSize                     = 122912730                              {pd product} {ergonomic}
    uintx ReservedCodeCacheSize                    = 251658240                              {pd product} {ergonomic}
     bool SegmentedCodeCache                       = true                                      {product} {ergonomic}
     bool ShowCodeDetailsInExceptionMessages       = true                                   {manageable} {command line}
   size_t SoftMaxHeapSize                          = 3210739712                             {manageable} {ergonomic}
     bool UseCompressedClassPointers               = true                           {product lp64_product} {ergonomic}
     bool UseCompressedOops                        = true                           {product lp64_product} {ergonomic}
     bool UseG1GC                                  = true                                      {product} {ergonomic}
     bool UseLargePagesIndividualAllocation        = false                                  {pd product} {ergonomic}

Logging:
Log output configuration:
 #0: stdout all=warning uptime,level,tags foldmultilines=false
 #1: stderr all=off uptime,level,tags foldmultilines=false

Environment Variables:
PATH=C:\Program Files\Common Files\Oracle\Java\javapath;C:\Python\Scripts\;C:\Python\;C:\Users\Ivan\AppData\Local\Programs\Python;C:\Windows\system32;C:\Windows;C:\Windows\System32\Wbem;C:\Windows\System32\WindowsPowerShell\v1.0\;C:\Windows\System32\OpenSSH\;C:\Program Files (x86)\Microsoft SQL Server\100\Tools\Binn\;C:\Program Files\Microsoft SQL Server\100\Tools\Binn\;C:\Program Files\Microsoft SQL Server\100\DTS\Binn\;C:\Program Files\Git\cmd;C:\Program Files\dotnet\;C:\Users\Ivan\AppData\Local\Programs\Python;C:\Users\Ivan\AppData\Local\Microsoft\WindowsApps;C:\Users\Ivan\AppData\Local\Programs\Microsoft VS Code\bin;C:\Users\Ivan\.dotnet\tools;C:\Users\Ivan\AppData\Local\GitHubDesktop\bin;C:\Python;
USERNAME=Ivan
LANG=en_US.UTF-8
OS=Windows_NT
PROCESSOR_IDENTIFIER=Intel64 Family 6 Model 42 Stepping 7, GenuineIntel
TMP=C:\Users\Ivan\AppData\Local\Temp
TEMP=C:\Users\Ivan\AppData\Local\Temp




---------------  S Y S T E M  ---------------

OS:
 Windows 10 , 64 bit Build 17763 (10.0.17763.475)
OS uptime: 0 days 0:30 hours

CPU: total 4 (initial active 4) (2 cores per cpu, 2 threads per core) family 6 model 42 stepping 7 microcode 0x2e, cx8, cmov, fxsr, ht, mmx, sse, sse2, sse3, ssse3, sse4.1, sse4.2, popcnt, tsc, tscinvbit, avx, clmul, vzeroupper, clflush, rdtscp

Memory: 4k page, system-wide physical 12245M (4233M free)
TotalPageFile size 12245M (AvailPageFile size 180M)
current process WorkingSet (physical memory assigned to process): 12M, peak: 12M
current process commit charge ("private bytes"): 53M, peak: 245M

vm_info: Java HotSpot(TM) 64-Bit Server VM (20.0.1+9-29) for windows-amd64 JRE (20.0.1+9-29), built on 2023-03-07T13:56:11Z by "mach5one" with MS VC++ 17.1 (VS2022)

END.
